[1118/052046.078:ERROR:process_memory_win.cc(73)] ReadMemory at 0x7ff6884d0000 of 64 bytes failed: Only part of a ReadProcessMemory or WriteProcessMemory request was completed. (0x12B)
[1118/052049.484:WARNING:pe_image_reader.cc(340)] could not read dos header from C:\Program Files (x86)\Google\Chrome\Application\chrome.exe
[1118/052049.484:ERROR:process_memory_win.cc(73)] ReadMemory at 0x7ff8fc400000 of 64 bytes failed: Only part of a ReadProcessMemory or WriteProcessMemory request was completed. (0x12B)
[1118/052049.484:WARNING:pe_image_reader.cc(340)] could not read dos header from C:\WINDOWS\SYSTEM32\ntdll.dll
[1118/052049.485:ERROR:process_memory_win.cc(73)] ReadMemory at 0x7ff8fc0e0000 of 64 bytes failed: Only part of a ReadProcessMemory or WriteProcessMemory request was completed. (0x12B)
[1118/052050.043:WARNING:pe_image_reader.cc(340)] could not read dos header from C:\WINDOWS\System32\KERNEL32.DLL
[1118/052050.043:ERROR:process_memory_win.cc(73)] ReadMemory at 0x7ff8f9580000 of 64 bytes failed: Only part of a ReadProcessMemory or WriteProcessMemory request was completed. (0x12B)
[1118/052050.043:WARNING:pe_image_reader.cc(340)] could not read dos header from C:\WINDOWS\System32\KERNELBASE.dll
[1118/052050.043:ERROR:process_memory_win.cc(73)] ReadMemory at 0x7ff8d0d50000 of 64 bytes failed: Only part of a ReadProcessMemory or WriteProcessMemory request was completed. (0x12B)
[1118/052050.043:WARNING:pe_image_reader.cc(340)] could not read dos header from C:\Program Files (x86)\Google\Chrome\Application\78.0.3904.97\chrome_elf.dll
[1118/052050.043:ERROR:process_memory_win.cc(73)] ReadMemory at 0x7ff8f4a20000 of 64 bytes failed: Only part of a ReadProcessMemory or WriteProcessMemory request was completed. (0x12B)
[1118/052050.043:WARNING:pe_image_reader.cc(340)] could not read dos header from C:\WINDOWS\SYSTEM32\VERSION.dll
[1118/052050.043:ERROR:process_memory_win.cc(73)] ReadMemory at 0x7ff8fc1d0000 of 64 bytes failed: Only part of a ReadProcessMemory or WriteProcessMemory request was completed. (0x12B)
[1118/052050.043:WARNING:pe_image_reader.cc(340)] could not read dos header from C:\WINDOWS\System32\msvcrt.dll
[1118/052050.043:ERROR:process_memory_win.cc(73)] ReadMemory at 0x7ff8fa330000 of 64 bytes failed: Only part of a ReadProcessMemory or WriteProcessMemory request was completed. (0x12B)
[1118/052050.043:WARNING:pe_image_reader.cc(340)] could not read dos header from C:\WINDOWS\System32\bcryptPrimitives.dll
[1118/052050.043:ERROR:process_memory_win.cc(73)] ReadMemory at 0x7ff8fb1a0000 of 64 bytes failed: Only part of a ReadProcessMemory or WriteProcessMemory request was completed. (0x12B)
[1118/052050.043:WARNING:pe_image_reader.cc(340)] could not read dos header from C:\WINDOWS\System32\ADVAPI32.dll
[1118/052050.043:ERROR:process_memory_win.cc(73)] ReadMemory at 0x7ff8fb940000 of 64 bytes failed: Only part of a ReadProcessMemory or WriteProcessMemory request was completed. (0x12B)
[1118/052050.043:WARNING:pe_image_reader.cc(340)] could not read dos header from C:\WINDOWS\System32\sechost.dll
[1118/052050.043:ERROR:process_memory_win.cc(73)] ReadMemory at 0x7ff8fb9e0000 of 64 bytes failed: Only part of a ReadProcessMemory or WriteProcessMemory request was completed. (0x12B)
[1118/052050.043:WARNING:pe_image_reader.cc(340)] could not read dos header from C:\WINDOWS\System32\RPCRT4.dll
[1118/052050.043:ERROR:process_memory_win.cc(73)] ReadMemory at 0x7ff8c17f0000 of 64 bytes failed: Only part of a ReadProcessMemory or WriteProcessMemory request was completed. (0x12B)
[1118/052050.043:WARNING:pe_image_reader.cc(340)] could not read dos header from C:\Program Files (x86)\Google\Chrome\Application\78.0.3904.97\chrome_child.dll
[1118/052050.043:ERROR:process_memory_win.cc(73)] ReadMemory at 0x7ff8fb6c0000 of 64 bytes failed: Only part of a ReadProcessMemory or WriteProcessMemory request was completed. (0x12B)
[1118/052050.043:WARNING:pe_image_reader.cc(340)] could not read dos header from C:\WINDOWS\System32\OLEAUT32.dll
[1118/052050.043:ERROR:process_memory_win.cc(73)] ReadMemory at 0x7ff8f9fe0000 of 64 bytes failed: Only part of a ReadProcessMemory or WriteProcessMemory request was completed. (0x12B)
[1118/052050.043:WARNING:pe_image_reader.cc(340)] could not read dos header from C:\WINDOWS\System32\msvcp_win.dll
[1118/052050.043:ERROR:process_memory_win.cc(73)] ReadMemory at 0x7ff8fa3b0000 of 64 bytes failed: Only part of a ReadProcessMemory or WriteProcessMemory request was completed. (0x12B)
[1118/052050.043:WARNING:pe_image_reader.cc(340)] could not read dos header from C:\WINDOWS\System32\ucrtbase.dll
[1118/052050.043:ERROR:process_memory_win.cc(73)] ReadMemory at 0x7ff8fbcd0000 of 64 bytes failed: Only part of a ReadProcessMemory or WriteProcessMemory request was completed. (0x12B)
[1118/052050.043:WARNING:pe_image_reader.cc(340)] could not read dos header from C:\WINDOWS\System32\combase.dll
[1118/052050.043:ERROR:process_memory_win.cc(73)] ReadMemory at 0x7ff8fb790000 of 64 bytes failed: Only part of a ReadProcessMemory or WriteProcessMemory request was completed. (0x12B)
[1118/052050.043:WARNING:pe_image_reader.cc(340)] could not read dos header from C:\WINDOWS\System32\WS2_32.dll
[1118/052050.043:ERROR:process_memory_win.cc(73)] ReadMemory at 0x7ff8fa130000 of 64 bytes failed: Only part of a ReadProcessMemory or WriteProcessMemory request was completed. (0x12B)
[1118/052050.043:WARNING:pe_image_reader.cc(340)] could not read dos header from C:\WINDOWS\System32\WINTRUST.dll
[1118/052050.044:ERROR:process_memory_win.cc(73)] ReadMemory at 0x7ff8f9300000 of 64 bytes failed: Only part of a ReadProcessMemory or WriteProcessMemory request was completed. (0x12B)
[1118/052050.044:WARNING:pe_image_reader.cc(340)] could not read dos header from C:\WINDOWS\System32\MSASN1.dll
[1118/052050.044:ERROR:process_memory_win.cc(73)] ReadMemory at 0x7ff8fa1e0000 of 64 bytes failed: Only part of a ReadProcessMemory or WriteProcessMemory request was completed. (0x12B)
[1118/052050.044:WARNING:pe_image_reader.cc(340)] could not read dos header from C:\WINDOWS\System32\CRYPT32.dll
[1118/052050.044:ERROR:process_memory_win.cc(73)] ReadMemory at 0x7ff8f8850000 of 64 bytes failed: Only part of a ReadProcessMemory or WriteProcessMemory request was completed. (0x12B)
[1118/052050.044:WARNING:pe_image_reader.cc(340)] could not read dos header from C:\WINDOWS\SYSTEM32\IPHLPAPI.DLL
[1118/052050.044:ERROR:process_memory_win.cc(73)] ReadMemory at 0x7ff8f6ed0000 of 64 bytes failed: Only part of a ReadProcessMemory or WriteProcessMemory request was completed. (0x12B)
[1118/052050.044:WARNING:pe_image_reader.cc(340)] could not read dos header from C:\WINDOWS\SYSTEM32\WINMM.dll
[1118/052050.044:ERROR:process_memory_win.cc(73)] ReadMemory at 0x7ff8f91f0000 of 64 bytes failed: Only part of a ReadProcessMemory or WriteProcessMemory request was completed. (0x12B)
[1118/052050.044:WARNING:pe_image_reader.cc(340)] could not read dos header from C:\WINDOWS\SYSTEM32\USERENV.dll
[1118/052050.044:ERROR:process_memory_win.cc(73)] ReadMemory at 0x7ff8f9370000 of 64 bytes failed: Only part of a ReadProcessMemory or WriteProcessMemory request was completed. (0x12B)
[1118/052050.044:WARNING:pe_image_reader.cc(340)] could not read dos header from C:\WINDOWS\System32\profapi.dll
[1118/052050.044:ERROR:process_memory_win.cc(73)] ReadMemory at 0x7ff8ea8b0000 of 64 bytes failed: Only part of a ReadProcessMemory or WriteProcessMemory request was completed. (0x12B)
[1118/052050.044:WARNING:pe_image_reader.cc(340)] could not read dos header from C:\WINDOWS\SYSTEM32\DWrite.dll
[1118/052050.044:ERROR:process_memory_win.cc(73)] ReadMemory at 0x7ff8f4720000 of 64 bytes failed: Only part of a ReadProcessMemory or WriteProcessMemory request was completed. (0x12B)
[1118/052050.044:WARNING:pe_image_reader.cc(340)] could not read dos header from C:\WINDOWS\SYSTEM32\WINSPOOL.DRV
[1118/052050.044:ERROR:process_memory_win.cc(73)] ReadMemory at 0x7ff8f92e0000 of 64 bytes failed: Only part of a ReadProcessMemory or WriteProcessMemory request was completed. (0x12B)
[1118/052050.044:WARNING:pe_image_reader.cc(340)] could not read dos header from C:\WINDOWS\System32\kernel.appcore.dll
[1118/052050.044:ERROR:process_memory_win.cc(73)] ReadMemory at 0x7ff8f9fb0000 of 64 bytes failed: Only part of a ReadProcessMemory or WriteProcessMemory request was completed. (0x12B)
[1118/052050.627:WARNING:pe_image_reader.cc(340)] could not read dos header from C:\WINDOWS\System32\bcrypt.dll
[1118/052050.627:ERROR:process_memory_win.cc(73)] ReadMemory at 0x7ff8e85e0000 of 64 bytes failed: Only part of a ReadProcessMemory or WriteProcessMemory request was completed. (0x12B)
[1118/052050.627:WARNING:pe_image_reader.cc(340)] could not read dos header from C:\WINDOWS\SYSTEM32\dbghelp.dll
[1118/052050.627:ERROR:process_memory_win.cc(73)] ReadMemory at 0x7ff8e8570000 of 64 bytes failed: Only part of a ReadProcessMemory or WriteProcessMemory request was completed. (0x12B)
[1118/052050.627:WARNING:pe_image_reader.cc(340)] could not read dos header from C:\WINDOWS\SYSTEM32\Secur32.dll
[1118/052050.627:ERROR:process_memory_win.cc(73)] ReadMemory at 0x7ff8edb90000 of 64 bytes failed: Only part of a ReadProcessMemory or WriteProcessMemory request was completed. (0x12B)
[1118/052050.627:WARNING:pe_image_reader.cc(340)] could not read dos header from C:\WINDOWS\SYSTEM32\WINHTTP.dll
[1118/052050.627:ERROR:process_memory_win.cc(73)] ReadMemory at 0x7ff8edf80000 of 64 bytes failed: Only part of a ReadProcessMemory or WriteProcessMemory request was completed. (0x12B)
[1118/052050.627:WARNING:pe_image_reader.cc(340)] could not read dos header from C:\WINDOWS\SYSTEM32\dhcpcsvc.DLL
[1118/052050.627:ERROR:process_memory_win.cc(73)] ReadMemory at 0x7ff8faa10000 of 64 bytes failed: Only part of a ReadProcessMemory or WriteProcessMemory request was completed. (0x12B)
[1118/052050.627:WARNING:pe_image_reader.cc(340)] could not read dos header from C:\WINDOWS\System32\NSI.dll
[1118/052050.627:ERROR:process_memory_win.cc(73)] ReadMemory at 0x7ff8f6ea0000 of 64 bytes failed: Only part of a ReadProcessMemory or WriteProcessMemory request was completed. (0x12B)
[1118/052050.627:WARNING:pe_image_reader.cc(340)] could not read dos header from C:\WINDOWS\SYSTEM32\WINMMBASE.dll
[1118/052050.627:ERROR:process_memory_win.cc(73)] ReadMemory at 0x7ff8fa190000 of 64 bytes failed: Only part of a ReadProcessMemory or WriteProcessMemory request was completed. (0x12B)
[1118/052050.627:WARNING:pe_image_reader.cc(340)] could not read dos header from C:\WINDOWS\System32\cfgmgr32.dll
[1118/052050.627:ERROR:process_memory_win.cc(73)] ReadMemory at 0x7ff8f5c90000 of 64 bytes failed: Only part of a ReadProcessMemory or WriteProcessMemory request was completed. (0x12B)
[1118/052050.627:WARNING:pe_image_reader.cc(340)] could not read dos header from C:\WINDOWS\SYSTEM32\PROPSYS.dll
[1118/052050.627:ERROR:process_memory_win.cc(73)] ReadMemory at 0x7ff8fa960000 of 64 bytes failed: Only part of a ReadProcessMemory or WriteProcessMemory request was completed. (0x12B)
[1118/052050.627:WARNING:pe_image_reader.cc(340)] could not read dos header from C:\WINDOWS\System32\shcore.dll
[1118/052050.627:ERROR:process_memory_win.cc(73)] ReadMemory at 0x7ff8f91c0000 of 64 bytes failed: Only part of a ReadProcessMemory or WriteProcessMemory request was completed. (0x12B)
[1118/052050.627:WARNING:pe_image_reader.cc(340)] could not read dos header from C:\WINDOWS\SYSTEM32\SSPICLI.DLL
[1118/052050.627:ERROR:process_memory_win.cc(73)] ReadMemory at 0x7ff8f8d10000 of 64 bytes failed: Only part of a ReadProcessMemory or WriteProcessMemory request was completed. (0x12B)
[1118/052050.627:WARNING:pe_image_reader.cc(340)] could not read dos header from C:\WINDOWS\SYSTEM32\CRYPTBASE.DLL
[1118/052050.627:ERROR:process_memory_win.cc(73)] ReadMemory at 0x7ff6884d0000 of 64 bytes failed: Only part of a ReadProcessMemory or WriteProcessMemory request was completed. (0x12B)
[1118/052050.627:WARNING:pe_image_reader.cc(340)] could not read dos header from C:\Program Files (x86)\Google\Chrome\Application\chrome.exe
[1118/052050.627:ERROR:process_memory_win.cc(73)] ReadMemory at 0x7ff6884d0000 of 64 bytes failed: Only part of a ReadProcessMemory or WriteProcessMemory request was completed. (0x12B)
[1118/052050.627:WARNING:pe_image_reader.cc(340)] could not read dos header from C:\Program Files (x86)\Google\Chrome\Application\chrome.exe
[1118/052050.627:ERROR:process_memory_win.cc(73)] ReadMemory at 0x7ff8fc400000 of 64 bytes failed: Only part of a ReadProcessMemory or WriteProcessMemory request was completed. (0x12B)
[1118/052050.627:WARNING:pe_image_reader.cc(340)] could not read dos header from C:\WINDOWS\SYSTEM32\ntdll.dll
[1118/052050.628:ERROR:process_memory_win.cc(73)] ReadMemory at 0x7ff8fc400000 of 64 bytes failed: Only part of a ReadProcessMemory or WriteProcessMemory request was completed. (0x12B)
[1118/052050.628:WARNING:pe_image_reader.cc(340)] could not read dos header from C:\WINDOWS\SYSTEM32\ntdll.dll
[1118/052050.628:ERROR:process_memory_win.cc(73)] ReadMemory at 0x7ff8fc0e0000 of 64 bytes failed: Only part of a ReadProcessMemory or WriteProcessMemory request was completed. (0x12B)
[1118/052050.628:WARNING:pe_image_reader.cc(340)] could not read dos header from C:\WINDOWS\System32\KERNEL32.DLL
[1118/052050.628:ERROR:process_memory_win.cc(73)] ReadMemory at 0x7ff8fc0e0000 of 64 bytes failed: Only part of a ReadProcessMemory or WriteProcessMemory request was completed. (0x12B)
[1118/052050.628:WARNING:pe_image_reader.cc(340)] could not read dos header from C:\WINDOWS\System32\KERNEL32.DLL
[1118/052050.628:ERROR:process_memory_win.cc(73)] ReadMemory at 0x7ff8f9580000 of 64 bytes failed: Only part of a ReadProcessMemory or WriteProcessMemory request was completed. (0x12B)
[1118/052050.628:WARNING:pe_image_reader.cc(340)] could not read dos header from C:\WINDOWS\System32\KERNELBASE.dll
[1118/052050.628:ERROR:process_memory_win.cc(73)] ReadMemory at 0x7ff8f9580000 of 64 bytes failed: Only part of a ReadProcessMemory or WriteProcessMemory request was completed. (0x12B)
[1118/052050.628:WARNING:pe_image_reader.cc(340)] could not read dos header from C:\WINDOWS\System32\KERNELBASE.dll
[1118/052050.628:ERROR:process_memory_win.cc(73)] ReadMemory at 0x7ff8d0d50000 of 64 bytes failed: Only part of a ReadProcessMemory or WriteProcessMemory request was completed. (0x12B)
[1118/052050.628:WARNING:pe_image_reader.cc(340)] could not read dos header from C:\Program Files (x86)\Google\Chrome\Application\78.0.3904.97\chrome_elf.dll
[1118/052050.628:ERROR:process_memory_win.cc(73)] ReadMemory at 0x7ff8d0d50000 of 64 bytes failed: Only part of a ReadProcessMemory or WriteProcessMemory request was completed. (0x12B)
[1118/052050.628:WARNING:pe_image_reader.cc(340)] could not read dos header from C:\Program Files (x86)\Google\Chrome\Application\78.0.3904.97\chrome_elf.dll
[1118/052050.628:ERROR:process_memory_win.cc(73)] ReadMemory at 0x7ff8f4a20000 of 64 bytes failed: Only part of a ReadProcessMemory or WriteProcessMemory request was completed. (0x12B)
[1118/052050.628:WARNING:pe_image_reader.cc(340)] could not read dos header from C:\WINDOWS\SYSTEM32\VERSION.dll
[1118/052050.628:ERROR:process_memory_win.cc(73)] ReadMemory at 0x7ff8f4a20000 of 64 bytes failed: Only part of a ReadProcessMemory or WriteProcessMemory request was completed. (0x12B)
[1118/052050.628:WARNING:pe_image_reader.cc(340)] could not read dos header from C:\WINDOWS\SYSTEM32\VERSION.dll
[1118/052050.628:ERROR:process_memory_win.cc(73)] ReadMemory at 0x7ff8fc1d0000 of 64 bytes failed: Only part of a ReadProcessMemory or WriteProcessMemory request was completed. (0x12B)
[1118/052050.628:WARNING:pe_image_reader.cc(340)] could not read dos header from C:\WINDOWS\System32\msvcrt.dll
[1118/052050.628:ERROR:process_memory_win.cc(73)] ReadMemory at 0x7ff8fc1d0000 of 64 bytes failed: Only part of a ReadProcessMemory or WriteProcessMemory request was completed. (0x12B)
[1118/052050.628:WARNING:pe_image_reader.cc(340)] could not read dos header from C:\WINDOWS\System32\msvcrt.dll
[1118/052050.628:ERROR:process_memory_win.cc(73)] ReadMemory at 0x7ff8fa330000 of 64 bytes failed: Only part of a ReadProcessMemory or WriteProcessMemory request was completed. (0x12B)
[1118/052050.628:WARNING:pe_image_reader.cc(340)] could not read dos header from C:\WINDOWS\System32\bcryptPrimitives.dll
[1118/052050.631:ERROR:process_memory_win.cc(73)] ReadMemory at 0x7ff8fa330000 of 64 bytes failed: Only part of a ReadProcessMemory or WriteProcessMemory request was completed. (0x12B)
[1118/052050.631:WARNING:pe_image_reader.cc(340)] could not read dos header from C:\WINDOWS\System32\bcryptPrimitives.dll
[1118/052050.631:ERROR:process_memory_win.cc(73)] ReadMemory at 0x7ff8fb1a0000 of 64 bytes failed: Only part of a ReadProcessMemory or WriteProcessMemory request was completed. (0x12B)
[1118/052050.631:WARNING:pe_image_reader.cc(340)] could not read dos header from C:\WINDOWS\System32\ADVAPI32.dll
[1118/052050.631:ERROR:process_memory_win.cc(73)] ReadMemory at 0x7ff8fb1a0000 of 64 bytes failed: Only part of a ReadProcessMemory or WriteProcessMemory request was completed. (0x12B)
[1118/052050.631:WARNING:pe_image_reader.cc(340)] could not read dos header from C:\WINDOWS\System32\ADVAPI32.dll
[1118/052050.631:ERROR:process_memory_win.cc(73)] ReadMemory at 0x7ff8fb940000 of 64 bytes failed: Only part of a ReadProcessMemory or WriteProcessMemory request was completed. (0x12B)
[1118/052050.631:WARNING:pe_image_reader.cc(340)] could not read dos header from C:\WINDOWS\System32\sechost.dll
[1118/052050.631:ERROR:process_memory_win.cc(73)] ReadMemory at 0x7ff8fb940000 of 64 bytes failed: Only part of a ReadProcessMemory or WriteProcessMemory request was completed. (0x12B)
[1118/052050.631:WARNING:pe_image_reader.cc(340)] could not read dos header from C:\WINDOWS\System32\sechost.dll
[1118/052050.631:ERROR:process_memory_win.cc(73)] ReadMemory at 0x7ff8fb9e0000 of 64 bytes failed: Only part of a ReadProcessMemory or WriteProcessMemory request was completed. (0x12B)
[1118/052050.631:WARNING:pe_image_reader.cc(340)] could not read dos header from C:\WINDOWS\System32\RPCRT4.dll
[1118/052050.631:ERROR:process_memory_win.cc(73)] ReadMemory at 0x7ff8fb9e0000 of 64 bytes failed: Only part of a ReadProcessMemory or WriteProcessMemory request was completed. (0x12B)
[1118/052050.631:WARNING:pe_image_reader.cc(340)] could not read dos header from C:\WINDOWS\System32\RPCRT4.dll
[1118/052050.631:ERROR:process_memory_win.cc(73)] ReadMemory at 0x7ff8c17f0000 of 64 bytes failed: Only part of a ReadProcessMemory or WriteProcessMemory request was completed. (0x12B)
[1118/052050.631:WARNING:pe_image_reader.cc(340)] could not read dos header from C:\Program Files (x86)\Google\Chrome\Application\78.0.3904.97\chrome_child.dll
[1118/052050.631:ERROR:process_memory_win.cc(73)] ReadMemory at 0x7ff8c17f0000 of 64 bytes failed: Only part of a ReadProcessMemory or WriteProcessMemory request was completed. (0x12B)
[1118/052050.631:WARNING:pe_image_reader.cc(340)] could not read dos header from C:\Program Files (x86)\Google\Chrome\Application\78.0.3904.97\chrome_child.dll
[1118/052050.631:ERROR:process_memory_win.cc(73)] ReadMemory at 0x7ff8fb6c0000 of 64 bytes failed: Only part of a ReadProcessMemory or WriteProcessMemory request was completed. (0x12B)
[1118/052050.631:WARNING:pe_image_reader.cc(340)] could not read dos header from C:\WINDOWS\System32\OLEAUT32.dll
[1118/052050.631:ERROR:process_memory_win.cc(73)] ReadMemory at 0x7ff8fb6c0000 of 64 bytes failed: Only part of a ReadProcessMemory or WriteProcessMemory request was completed. (0x12B)
[1118/052050.631:WARNING:pe_image_reader.cc(340)] could not read dos header from C:\WINDOWS\System32\OLEAUT32.dll
[1118/052050.631:ERROR:process_memory_win.cc(73)] ReadMemory at 0x7ff8f9fe0000 of 64 bytes failed: Only part of a ReadProcessMemory or WriteProcessMemory request was completed. (0x12B)
[1118/052050.631:WARNING:pe_image_reader.cc(340)] could not read dos header from C:\WINDOWS\System32\msvcp_win.dll
[1118/052050.631:ERROR:process_memory_win.cc(73)] ReadMemory at 0x7ff8f9fe0000 of 64 bytes failed: Only part of a ReadProcessMemory or WriteProcessMemory request was completed. (0x12B)
[1118/052050.631:WARNING:pe_image_reader.cc(340)] could not read dos header from C:\WINDOWS\System32\msvcp_win.dll
[1118/052050.631:ERROR:process_memory_win.cc(73)] ReadMemory at 0x7ff8fa3b0000 of 64 bytes failed: Only part of a ReadProcessMemory or WriteProcessMemory request was completed. (0x12B)
[1118/052050.631:WARNING:pe_image_reader.cc(340)] could not read dos header from C:\WINDOWS\System32\ucrtbase.dll
[1118/052050.632:ERROR:process_memory_win.cc(73)] ReadMemory at 0x7ff8fa3b0000 of 64 bytes failed: Only part of a ReadProcessMemory or WriteProcessMemory request was completed. (0x12B)
[1118/052050.632:WARNING:pe_image_reader.cc(340)] could not read dos header from C:\WINDOWS\System32\ucrtbase.dll
[1118/052050.632:ERROR:process_memory_win.cc(73)] ReadMemory at 0x7ff8fbcd0000 of 64 bytes failed: Only part of a ReadProcessMemory or WriteProcessMemory request was completed. (0x12B)
[1118/052050.632:WARNING:pe_image_reader.cc(340)] could not read dos header from C:\WINDOWS\System32\combase.dll
[1118/052050.632:ERROR:process_memory_win.cc(73)] ReadMemory at 0x7ff8fbcd0000 of 64 bytes failed: Only part of a ReadProcessMemory or WriteProcessMemory request was completed. (0x12B)
[1118/052050.632:WARNING:pe_image_reader.cc(340)] could not read dos header from C:\WINDOWS\System32\combase.dll
[1118/052050.632:ERROR:process_memory_win.cc(73)] ReadMemory at 0x7ff8fb790000 of 64 bytes failed: Only part of a ReadProcessMemory or WriteProcessMemory request was completed. (0x12B)
[1118/052050.632:WARNING:pe_image_reader.cc(340)] could not read dos header from C:\WINDOWS\System32\WS2_32.dll
[1118/052050.632:ERROR:process_memory_win.cc(73)] ReadMemory at 0x7ff8fb790000 of 64 bytes failed: Only part of a ReadProcessMemory or WriteProcessMemory request was completed. (0x12B)
[1118/052050.632:WARNING:pe_image_reader.cc(340)] could not read dos header from C:\WINDOWS\System32\WS2_32.dll
[1118/052050.632:ERROR:process_memory_win.cc(73)] ReadMemory at 0x7ff8fa130000 of 64 bytes failed: Only part of a ReadProcessMemory or WriteProcessMemory request was completed. (0x12B)
[1118/052050.632:WARNING:pe_image_reader.cc(340)] could not read dos header from C:\WINDOWS\System32\WINTRUST.dll
[1118/052050.632:ERROR:process_memory_win.cc(73)] ReadMemory at 0x7ff8fa130000 of 64 bytes failed: Only part of a ReadProcessMemory or WriteProcessMemory request was completed. (0x12B)
[1118/052050.632:WARNING:pe_image_reader.cc(340)] could not read dos header from C:\WINDOWS\System32\WINTRUST.dll
[1118/052050.632:ERROR:process_memory_win.cc(73)] ReadMemory at 0x7ff8f9300000 of 64 bytes failed: Only part of a ReadProcessMemory or WriteProcessMemory request was completed. (0x12B)
[1118/052050.632:WARNING:pe_image_reader.cc(340)] could not read dos header from C:\WINDOWS\System32\MSASN1.dll
[1118/052050.632:ERROR:process_memory_win.cc(73)] ReadMemory at 0x7ff8f9300000 of 64 bytes failed: Only part of a ReadProcessMemory or WriteProcessMemory request was completed. (0x12B)
[1118/052050.632:WARNING:pe_image_reader.cc(340)] could not read dos header from C:\WINDOWS\System32\MSASN1.dll
[1118/052050.632:ERROR:process_memory_win.cc(73)] ReadMemory at 0x7ff8fa1e0000 of 64 bytes failed: Only part of a ReadProcessMemory or WriteProcessMemory request was completed. (0x12B)
[1118/052050.632:WARNING:pe_image_reader.cc(340)] could not read dos header from C:\WINDOWS\System32\CRYPT32.dll
[1118/052050.632:ERROR:process_memory_win.cc(73)] ReadMemory at 0x7ff8fa1e0000 of 64 bytes failed: Only part of a ReadProcessMemory or WriteProcessMemory request was completed. (0x12B)
[1118/052050.632:WARNING:pe_image_reader.cc(340)] could not read dos header from C:\WINDOWS\System32\CRYPT32.dll
[1118/052050.632:ERROR:process_memory_win.cc(73)] ReadMemory at 0x7ff8f8850000 of 64 bytes failed: Only part of a ReadProcessMemory or WriteProcessMemory request was completed. (0x12B)
[1118/052050.632:WARNING:pe_image_reader.cc(340)] could not read dos header from C:\WINDOWS\SYSTEM32\IPHLPAPI.DLL
[1118/052050.632:ERROR:process_memory_win.cc(73)] ReadMemory at 0x7ff8f8850000 of 64 bytes failed: Only part of a ReadProcessMemory or WriteProcessMemory request was completed. (0x12B)
[1118/052050.632:WARNING:pe_image_reader.cc(340)] could not read dos header from C:\WINDOWS\SYSTEM32\IPHLPAPI.DLL
[1118/052050.632:ERROR:process_memory_win.cc(73)] ReadMemory at 0x7ff8f6ed0000 of 64 bytes failed: Only part of a ReadProcessMemory or WriteProcessMemory request was completed. (0x12B)
[1118/052050.632:WARNING:pe_image_reader.cc(340)] could not read dos header from C:\WINDOWS\SYSTEM32\WINMM.dll
[1118/052050.632:ERROR:process_memory_win.cc(73)] ReadMemory at 0x7ff8f6ed0000 of 64 bytes failed: Only part of a ReadProcessMemory or WriteProcessMemory request was completed. (0x12B)
[1118/052050.632:WARNING:pe_image_reader.cc(340)] could not read dos header from C:\WINDOWS\SYSTEM32\WINMM.dll
[1118/052050.632:ERROR:process_memory_win.cc(73)] ReadMemory at 0x7ff8f91f0000 of 64 bytes failed: Only part of a ReadProcessMemory or WriteProcessMemory request was completed. (0x12B)
[1118/052050.632:WARNING:pe_image_reader.cc(340)] could not read dos header from C:\WINDOWS\SYSTEM32\USERENV.dll
[1118/052050.632:ERROR:process_memory_win.cc(73)] ReadMemory at 0x7ff8f91f0000 of 64 bytes failed: Only part of a ReadProcessMemory or WriteProcessMemory request was completed. (0x12B)
[1118/052050.632:WARNING:pe_image_reader.cc(340)] could not read dos header from C:\WINDOWS\SYSTEM32\USERENV.dll
[1118/052050.632:ERROR:process_memory_win.cc(73)] ReadMemory at 0x7ff8f9370000 of 64 bytes failed: Only part of a ReadProcessMemory or WriteProcessMemory request was completed. (0x12B)
[1118/052050.632:WARNING:pe_image_reader.cc(340)] could not read dos header from C:\WINDOWS\System32\profapi.dll
[1118/052050.633:ERROR:process_memory_win.cc(73)] ReadMemory at 0x7ff8f9370000 of 64 bytes failed: Only part of a ReadProcessMemory or WriteProcessMemory request was completed. (0x12B)
[1118/052050.633:WARNING:pe_image_reader.cc(340)] could not read dos header from C:\WINDOWS\System32\profapi.dll
[1118/052050.633:ERROR:process_memory_win.cc(73)] ReadMemory at 0x7ff8ea8b0000 of 64 bytes failed: Only part of a ReadProcessMemory or WriteProcessMemory request was completed. (0x12B)
[1118/052050.633:WARNING:pe_image_reader.cc(340)] could not read dos header from C:\WINDOWS\SYSTEM32\DWrite.dll
[1118/052050.633:ERROR:process_memory_win.cc(73)] ReadMemory at 0x7ff8ea8b0000 of 64 bytes failed: Only part of a ReadProcessMemory or WriteProcessMemory request was completed. (0x12B)
[1118/052050.633:WARNING:pe_image_reader.cc(340)] could not read dos header from C:\WINDOWS\SYSTEM32\DWrite.dll
[1118/052050.633:ERROR:process_memory_win.cc(73)] ReadMemory at 0x7ff8f4720000 of 64 bytes failed: Only part of a ReadProcessMemory or WriteProcessMemory request was completed. (0x12B)
[1118/052050.633:WARNING:pe_image_reader.cc(340)] could not read dos header from C:\WINDOWS\SYSTEM32\WINSPOOL.DRV
[1118/052050.633:ERROR:process_memory_win.cc(73)] ReadMemory at 0x7ff8f4720000 of 64 bytes failed: Only part of a ReadProcessMemory or WriteProcessMemory request was completed. (0x12B)
[1118/052050.633:WARNING:pe_image_reader.cc(340)] could not read dos header from C:\WINDOWS\SYSTEM32\WINSPOOL.DRV
[1118/052050.633:ERROR:process_memory_win.cc(73)] ReadMemory at 0x7ff8f92e0000 of 64 bytes failed: Only part of a ReadProcessMemory or WriteProcessMemory request was completed. (0x12B)
[1118/052050.633:WARNING:pe_image_reader.cc(340)] could not read dos header from C:\WINDOWS\System32\kernel.appcore.dll
[1118/052050.633:ERROR:process_memory_win.cc(73)] ReadMemory at 0x7ff8f92e0000 of 64 bytes failed: Only part of a ReadProcessMemory or WriteProcessMemory request was completed. (0x12B)
[1118/052050.633:WARNING:pe_image_reader.cc(340)] could not read dos header from C:\WINDOWS\System32\kernel.appcore.dll
[1118/052050.633:ERROR:process_memory_win.cc(73)] ReadMemory at 0x7ff8f9fb0000 of 64 bytes failed: Only part of a ReadProcessMemory or WriteProcessMemory request was completed. (0x12B)
[1118/052050.633:WARNING:pe_image_reader.cc(340)] could not read dos header from C:\WINDOWS\System32\bcrypt.dll
[1118/052050.633:ERROR:process_memory_win.cc(73)] ReadMemory at 0x7ff8f9fb0000 of 64 bytes failed: Only part of a ReadProcessMemory or WriteProcessMemory request was completed. (0x12B)
[1118/052050.633:WARNING:pe_image_reader.cc(340)] could not read dos header from C:\WINDOWS\System32\bcrypt.dll
[1118/052050.633:ERROR:process_memory_win.cc(73)] ReadMemory at 0x7ff8e85e0000 of 64 bytes failed: Only part of a ReadProcessMemory or WriteProcessMemory request was completed. (0x12B)
[1118/052050.633:WARNING:pe_image_reader.cc(340)] could not read dos header from C:\WINDOWS\SYSTEM32\dbghelp.dll
[1118/052050.633:ERROR:process_memory_win.cc(73)] ReadMemory at 0x7ff8e85e0000 of 64 bytes failed: Only part of a ReadProcessMemory or WriteProcessMemory request was completed. (0x12B)
[1118/052050.633:WARNING:pe_image_reader.cc(340)] could not read dos header from C:\WINDOWS\SYSTEM32\dbghelp.dll
[1118/052050.633:ERROR:process_memory_win.cc(73)] ReadMemory at 0x7ff8e8570000 of 64 bytes failed: Only part of a ReadProcessMemory or WriteProcessMemory request was completed. (0x12B)
[1118/052050.633:WARNING:pe_image_reader.cc(340)] could not read dos header from C:\WINDOWS\SYSTEM32\Secur32.dll
[1118/052050.633:ERROR:process_memory_win.cc(73)] ReadMemory at 0x7ff8e8570000 of 64 bytes failed: Only part of a ReadProcessMemory or WriteProcessMemory request was completed. (0x12B)
[1118/052050.633:WARNING:pe_image_reader.cc(340)] could not read dos header from C:\WINDOWS\SYSTEM32\Secur32.dll
[1118/052050.633:ERROR:process_memory_win.cc(73)] ReadMemory at 0x7ff8edb90000 of 64 bytes failed: Only part of a ReadProcessMemory or WriteProcessMemory request was completed. (0x12B)
[1118/052050.633:WARNING:pe_image_reader.cc(340)] could not read dos header from C:\WINDOWS\SYSTEM32\WINHTTP.dll
[1118/052050.633:ERROR:process_memory_win.cc(73)] ReadMemory at 0x7ff8edb90000 of 64 bytes failed: Only part of a ReadProcessMemory or WriteProcessMemory request was completed. (0x12B)
[1118/052050.633:WARNING:pe_image_reader.cc(340)] could not read dos header from C:\WINDOWS\SYSTEM32\WINHTTP.dll
[1118/052050.633:ERROR:process_memory_win.cc(73)] ReadMemory at 0x7ff8edf80000 of 64 bytes failed: Only part of a ReadProcessMemory or WriteProcessMemory request was completed. (0x12B)
[1118/052050.633:WARNING:pe_image_reader.cc(340)] could not read dos header from C:\WINDOWS\SYSTEM32\dhcpcsvc.DLL
[1118/052050.633:ERROR:process_memory_win.cc(73)] ReadMemory at 0x7ff8edf80000 of 64 bytes failed: Only part of a ReadProcessMemory or WriteProcessMemory request was completed. (0x12B)
[1118/052050.633:WARNING:pe_image_reader.cc(340)] could not read dos header from C:\WINDOWS\SYSTEM32\dhcpcsvc.DLL
[1118/052050.633:ERROR:process_memory_win.cc(73)] ReadMemory at 0x7ff8faa10000 of 64 bytes failed: Only part of a ReadProcessMemory or WriteProcessMemory request was completed. (0x12B)
[1118/052050.633:WARNING:pe_image_reader.cc(340)] could not read dos header from C:\WINDOWS\System32\NSI.dll
[1118/052050.633:ERROR:process_memory_win.cc(73)] ReadMemory at 0x7ff8faa10000 of 64 bytes failed: Only part of a ReadProcessMemory or WriteProcessMemory request was completed. (0x12B)
[1118/052050.633:WARNING:pe_image_reader.cc(340)] could not read dos header from C:\WINDOWS\System32\NSI.dll
[1118/052050.633:ERROR:process_memory_win.cc(73)] ReadMemory at 0x7ff8f6ea0000 of 64 bytes failed: Only part of a ReadProcessMemory or WriteProcessMemory request was completed. (0x12B)
[1118/052050.634:WARNING:pe_image_reader.cc(340)] could not read dos header from C:\WINDOWS\SYSTEM32\WINMMBASE.dll
[1118/052050.634:ERROR:process_memory_win.cc(73)] ReadMemory at 0x7ff8f6ea0000 of 64 bytes failed: Only part of a ReadProcessMemory or WriteProcessMemory request was completed. (0x12B)
[1118/052050.634:WARNING:pe_image_reader.cc(340)] could not read dos header from C:\WINDOWS\SYSTEM32\WINMMBASE.dll
[1118/052050.634:ERROR:process_memory_win.cc(73)] ReadMemory at 0x7ff8fa190000 of 64 bytes failed: Only part of a ReadProcessMemory or WriteProcessMemory request was completed. (0x12B)
[1118/052050.634:WARNING:pe_image_reader.cc(340)] could not read dos header from C:\WINDOWS\System32\cfgmgr32.dll
[1118/052050.634:ERROR:process_memory_win.cc(73)] ReadMemory at 0x7ff8fa190000 of 64 bytes failed: Only part of a ReadProcessMemory or WriteProcessMemory request was completed. (0x12B)
[1118/052050.634:WARNING:pe_image_reader.cc(340)] could not read dos header from C:\WINDOWS\System32\cfgmgr32.dll
[1118/052050.634:ERROR:process_memory_win.cc(73)] ReadMemory at 0x7ff8f5c90000 of 64 bytes failed: Only part of a ReadProcessMemory or WriteProcessMemory request was completed. (0x12B)
[1118/052050.634:WARNING:pe_image_reader.cc(340)] could not read dos header from C:\WINDOWS\SYSTEM32\PROPSYS.dll
[1118/052050.634:ERROR:process_memory_win.cc(73)] ReadMemory at 0x7ff8f5c90000 of 64 bytes failed: Only part of a ReadProcessMemory or WriteProcessMemory request was completed. (0x12B)
[1118/052050.634:WARNING:pe_image_reader.cc(340)] could not read dos header from C:\WINDOWS\SYSTEM32\PROPSYS.dll
[1118/052050.634:ERROR:process_memory_win.cc(73)] ReadMemory at 0x7ff8fa960000 of 64 bytes failed: Only part of a ReadProcessMemory or WriteProcessMemory request was completed. (0x12B)
[1118/052050.634:WARNING:pe_image_reader.cc(340)] could not read dos header from C:\WINDOWS\System32\shcore.dll
[1118/052050.634:ERROR:process_memory_win.cc(73)] ReadMemory at 0x7ff8fa960000 of 64 bytes failed: Only part of a ReadProcessMemory or WriteProcessMemory request was completed. (0x12B)
[1118/052050.634:WARNING:pe_image_reader.cc(340)] could not read dos header from C:\WINDOWS\System32\shcore.dll
[1118/052050.634:ERROR:process_memory_win.cc(73)] ReadMemory at 0x7ff8f91c0000 of 64 bytes failed: Only part of a ReadProcessMemory or WriteProcessMemory request was completed. (0x12B)
[1118/052050.634:WARNING:pe_image_reader.cc(340)] could not read dos header from C:\WINDOWS\SYSTEM32\SSPICLI.DLL
[1118/052050.634:ERROR:process_memory_win.cc(73)] ReadMemory at 0x7ff8f91c0000 of 64 bytes failed: Only part of a ReadProcessMemory or WriteProcessMemory request was completed. (0x12B)
[1118/052050.634:WARNING:pe_image_reader.cc(340)] could not read dos header from C:\WINDOWS\SYSTEM32\SSPICLI.DLL
[1118/052050.634:ERROR:process_memory_win.cc(73)] ReadMemory at 0x7ff8f8d10000 of 64 bytes failed: Only part of a ReadProcessMemory or WriteProcessMemory request was completed. (0x12B)
[1118/052050.634:WARNING:pe_image_reader.cc(340)] could not read dos header from C:\WINDOWS\SYSTEM32\CRYPTBASE.DLL
[1118/052050.634:ERROR:process_memory_win.cc(73)] ReadMemory at 0x7ff8f8d10000 of 64 bytes failed: Only part of a ReadProcessMemory or WriteProcessMemory request was completed. (0x12B)
[1118/052050.634:WARNING:pe_image_reader.cc(340)] could not read dos header from C:\WINDOWS\SYSTEM32\CRYPTBASE.DLL
[1118/052053.249:ERROR:process_memory_win.cc(73)] ReadMemory at 0x7ff6884d0000 of 64 bytes failed: Only part of a ReadProcessMemory or WriteProcessMemory request was completed. (0x12B)
[1118/052053.249:WARNING:pe_image_reader.cc(340)] could not read dos header from C:\Program Files (x86)\Google\Chrome\Application\chrome.exe
[1118/052053.249:ERROR:process_memory_win.cc(73)] ReadMemory at 0x7ff8fc400000 of 64 bytes failed: Only part of a ReadProcessMemory or WriteProcessMemory request was completed. (0x12B)
[1118/052053.249:WARNING:pe_image_reader.cc(340)] could not read dos header from C:\WINDOWS\SYSTEM32\ntdll.dll
[1118/052053.249:ERROR:process_memory_win.cc(73)] ReadMemory at 0x7ff8fc0e0000 of 64 bytes failed: Only part of a ReadProcessMemory or WriteProcessMemory request was completed. (0x12B)
[1118/052053.249:WARNING:pe_image_reader.cc(340)] could not read dos header from C:\WINDOWS\System32\KERNEL32.DLL
[1118/052053.249:ERROR:process_memory_win.cc(73)] ReadMemory at 0x7ff8f9580000 of 64 bytes failed: Only part of a ReadProcessMemory or WriteProcessMemory request was completed. (0x12B)
[1118/052053.249:WARNING:pe_image_reader.cc(340)] could not read dos header from C:\WINDOWS\System32\KERNELBASE.dll
[1118/052053.249:ERROR:process_memory_win.cc(73)] ReadMemory at 0x7ff8d0d50000 of 64 bytes failed: Only part of a ReadProcessMemory or WriteProcessMemory request was completed. (0x12B)
[1118/052053.249:WARNING:pe_image_reader.cc(340)] could not read dos header from C:\Program Files (x86)\Google\Chrome\Application\78.0.3904.97\chrome_elf.dll
[1118/052053.249:ERROR:process_memory_win.cc(73)] ReadMemory at 0x7ff8f4a20000 of 64 bytes failed: Only part of a ReadProcessMemory or WriteProcessMemory request was completed. (0x12B)
[1118/052053.249:WARNING:pe_image_reader.cc(340)] could not read dos header from C:\WINDOWS\SYSTEM32\VERSION.dll
[1118/052053.249:ERROR:process_memory_win.cc(73)] ReadMemory at 0x7ff8fc1d0000 of 64 bytes failed: Only part of a ReadProcessMemory or WriteProcessMemory request was completed. (0x12B)
[1118/052053.249:WARNING:pe_image_reader.cc(340)] could not read dos header from C:\WINDOWS\System32\msvcrt.dll
[1118/052053.249:ERROR:process_memory_win.cc(73)] ReadMemory at 0x7ff8fa330000 of 64 bytes failed: Only part of a ReadProcessMemory or WriteProcessMemory request was completed. (0x12B)
[1118/052053.249:WARNING:pe_image_reader.cc(340)] could not read dos header from C:\WINDOWS\System32\bcryptPrimitives.dll
[1118/052053.249:ERROR:process_memory_win.cc(73)] ReadMemory at 0x7ff8fb1a0000 of 64 bytes failed: Only part of a ReadProcessMemory or WriteProcessMemory request was completed. (0x12B)
[1118/052053.249:WARNING:pe_image_reader.cc(340)] could not read dos header from C:\WINDOWS\System32\ADVAPI32.dll
[1118/052053.249:ERROR:process_memory_win.cc(73)] ReadMemory at 0x7ff8fb940000 of 64 bytes failed: Only part of a ReadProcessMemory or WriteProcessMemory request was completed. (0x12B)
[1118/052053.249:WARNING:pe_image_reader.cc(340)] could not read dos header from C:\WINDOWS\System32\sechost.dll
[1118/052053.249:ERROR:process_memory_win.cc(73)] ReadMemory at 0x7ff8fb9e0000 of 64 bytes failed: Only part of a ReadProcessMemory or WriteProcessMemory request was completed. (0x12B)
[1118/052053.249:WARNING:pe_image_reader.cc(340)] could not read dos header from C:\WINDOWS\System32\RPCRT4.dll
[1118/052053.249:ERROR:process_memory_win.cc(73)] ReadMemory at 0x7ff8c17f0000 of 64 bytes failed: Only part of a ReadProcessMemory or WriteProcessMemory request was completed. (0x12B)
[1118/052053.249:WARNING:pe_image_reader.cc(340)] could not read dos header from C:\Program Files (x86)\Google\Chrome\Application\78.0.3904.97\chrome_child.dll
[1118/052053.249:ERROR:process_memory_win.cc(73)] ReadMemory at 0x7ff8fb6c0000 of 64 bytes failed: Only part of a ReadProcessMemory or WriteProcessMemory request was completed. (0x12B)
[1118/052053.249:WARNING:pe_image_reader.cc(340)] could not read dos header from C:\WINDOWS\System32\OLEAUT32.dll
[1118/052053.249:ERROR:process_memory_win.cc(73)] ReadMemory at 0x7ff8f9fe0000 of 64 bytes failed: Only part of a ReadProcessMemory or WriteProcessMemory request was completed. (0x12B)
[1118/052053.249:WARNING:pe_image_reader.cc(340)] could not read dos header from C:\WINDOWS\System32\msvcp_win.dll
[1118/052053.249:ERROR:process_memory_win.cc(73)] ReadMemory at 0x7ff8fa3b0000 of 64 bytes failed: Only part of a ReadProcessMemory or WriteProcessMemory request was completed. (0x12B)
[1118/052053.249:WARNING:pe_image_reader.cc(340)] could not read dos header from C:\WINDOWS\System32\ucrtbase.dll
[1118/052053.249:ERROR:process_memory_win.cc(73)] ReadMemory at 0x7ff8fbcd0000 of 64 bytes failed: Only part of a ReadProcessMemory or WriteProcessMemory request was completed. (0x12B)
[1118/052053.250:WARNING:pe_image_reader.cc(340)] could not read dos header from C:\WINDOWS\System32\combase.dll
[1118/052053.250:ERROR:process_memory_win.cc(73)] ReadMemory at 0x7ff8fb790000 of 64 bytes failed: Only part of a ReadProcessMemory or WriteProcessMemory request was completed. (0x12B)
[1118/052053.250:WARNING:pe_image_reader.cc(340)] could not read dos header from C:\WINDOWS\System32\WS2_32.dll
[1118/052053.250:ERROR:process_memory_win.cc(73)] ReadMemory at 0x7ff8fa130000 of 64 bytes failed: Only part of a ReadProcessMemory or WriteProcessMemory request was completed. (0x12B)
[1118/052053.250:WARNING:pe_image_reader.cc(340)] could not read dos header from C:\WINDOWS\System32\WINTRUST.dll
[1118/052053.250:ERROR:process_memory_win.cc(73)] ReadMemory at 0x7ff8f9300000 of 64 bytes failed: Only part of a ReadProcessMemory or WriteProcessMemory request was completed. (0x12B)
[1118/052053.250:WARNING:pe_image_reader.cc(340)] could not read dos header from C:\WINDOWS\System32\MSASN1.dll
[1118/052053.250:ERROR:process_memory_win.cc(73)] ReadMemory at 0x7ff8fa1e0000 of 64 bytes failed: Only part of a ReadProcessMemory or WriteProcessMemory request was completed. (0x12B)
[1118/052053.250:WARNING:pe_image_reader.cc(340)] could not read dos header from C:\WINDOWS\System32\CRYPT32.dll
[1118/052053.250:ERROR:process_memory_win.cc(73)] ReadMemory at 0x7ff8f8850000 of 64 bytes failed: Only part of a ReadProcessMemory or WriteProcessMemory request was completed. (0x12B)
[1118/052053.250:WARNING:pe_image_reader.cc(340)] could not read dos header from C:\WINDOWS\SYSTEM32\IPHLPAPI.DLL
[1118/052053.250:ERROR:process_memory_win.cc(73)] ReadMemory at 0x7ff8f6ed0000 of 64 bytes failed: Only part of a ReadProcessMemory or WriteProcessMemory request was completed. (0x12B)
[1118/052053.250:WARNING:pe_image_reader.cc(340)] could not read dos header from C:\WINDOWS\SYSTEM32\WINMM.dll
[1118/052053.250:ERROR:process_memory_win.cc(73)] ReadMemory at 0x7ff8f91f0000 of 64 bytes failed: Only part of a ReadProcessMemory or WriteProcessMemory request was completed. (0x12B)
[1118/052053.250:WARNING:pe_image_reader.cc(340)] could not read dos header from C:\WINDOWS\SYSTEM32\USERENV.dll
[1118/052053.250:ERROR:process_memory_win.cc(73)] ReadMemory at 0x7ff8f9370000 of 64 bytes failed: Only part of a ReadProcessMemory or WriteProcessMemory request was completed. (0x12B)
[1118/052053.250:WARNING:pe_image_reader.cc(340)] could not read dos header from C:\WINDOWS\System32\profapi.dll
[1118/052053.250:ERROR:process_memory_win.cc(73)] ReadMemory at 0x7ff8ea8b0000 of 64 bytes failed: Only part of a ReadProcessMemory or WriteProcessMemory request was completed. (0x12B)
[1118/052053.250:WARNING:pe_image_reader.cc(340)] could not read dos header from C:\WINDOWS\SYSTEM32\DWrite.dll
[1118/052053.250:ERROR:process_memory_win.cc(73)] ReadMemory at 0x7ff8f4720000 of 64 bytes failed: Only part of a ReadProcessMemory or WriteProcessMemory request was completed. (0x12B)
[1118/052053.250:WARNING:pe_image_reader.cc(340)] could not read dos header from C:\WINDOWS\SYSTEM32\WINSPOOL.DRV
[1118/052053.250:ERROR:process_memory_win.cc(73)] ReadMemory at 0x7ff8f92e0000 of 64 bytes failed: Only part of a ReadProcessMemory or WriteProcessMemory request was completed. (0x12B)
[1118/052053.250:WARNING:pe_image_reader.cc(340)] could not read dos header from C:\WINDOWS\System32\kernel.appcore.dll
[1118/052053.250:ERROR:process_memory_win.cc(73)] ReadMemory at 0x7ff8f9fb0000 of 64 bytes failed: Only part of a ReadProcessMemory or WriteProcessMemory request was completed. (0x12B)
[1118/052053.250:WARNING:pe_image_reader.cc(340)] could not read dos header from C:\WINDOWS\System32\bcrypt.dll
[1118/052053.250:ERROR:process_memory_win.cc(73)] ReadMemory at 0x7ff8e85e0000 of 64 bytes failed: Only part of a ReadProcessMemory or WriteProcessMemory request was completed. (0x12B)
[1118/052053.250:WARNING:pe_image_reader.cc(340)] could not read dos header from C:\WINDOWS\SYSTEM32\dbghelp.dll
[1118/052053.250:ERROR:process_memory_win.cc(73)] ReadMemory at 0x7ff8e8570000 of 64 bytes failed: Only part of a ReadProcessMemory or WriteProcessMemory request was completed. (0x12B)
[1118/052053.250:WARNING:pe_image_reader.cc(340)] could not read dos header from C:\WINDOWS\SYSTEM32\Secur32.dll
[1118/052053.250:ERROR:process_memory_win.cc(73)] ReadMemory at 0x7ff8edb90000 of 64 bytes failed: Only part of a ReadProcessMemory or WriteProcessMemory request was completed. (0x12B)
[1118/052053.250:WARNING:pe_image_reader.cc(340)] could not read dos header from C:\WINDOWS\SYSTEM32\WINHTTP.dll
[1118/052053.250:ERROR:process_memory_win.cc(73)] ReadMemory at 0x7ff8edf80000 of 64 bytes failed: Only part of a ReadProcessMemory or WriteProcessMemory request was completed. (0x12B)
[1118/052053.250:WARNING:pe_image_reader.cc(340)] could not read dos header from C:\WINDOWS\SYSTEM32\dhcpcsvc.DLL
[1118/052053.250:ERROR:process_memory_win.cc(73)] ReadMemory at 0x7ff8faa10000 of 64 bytes failed: Only part of a ReadProcessMemory or WriteProcessMemory request was completed. (0x12B)
[1118/052053.250:WARNING:pe_image_reader.cc(340)] could not read dos header from C:\WINDOWS\System32\NSI.dll
[1118/052053.250:ERROR:process_memory_win.cc(73)] ReadMemory at 0x7ff8f6ea0000 of 64 bytes failed: Only part of a ReadProcessMemory or WriteProcessMemory request was completed. (0x12B)
[1118/052053.250:WARNING:pe_image_reader.cc(340)] could not read dos header from C:\WINDOWS\SYSTEM32\WINMMBASE.dll
[1118/052053.250:ERROR:process_memory_win.cc(73)] ReadMemory at 0x7ff8fa190000 of 64 bytes failed: Only part of a ReadProcessMemory or WriteProcessMemory request was completed. (0x12B)
[1118/052053.250:WARNING:pe_image_reader.cc(340)] could not read dos header from C:\WINDOWS\System32\cfgmgr32.dll
[1118/052053.251:ERROR:process_memory_win.cc(73)] ReadMemory at 0x7ff8f5c90000 of 64 bytes failed: Only part of a ReadProcessMemory or WriteProcessMemory request was completed. (0x12B)
[1118/052053.251:WARNING:pe_image_reader.cc(340)] could not read dos header from C:\WINDOWS\SYSTEM32\PROPSYS.dll
[1118/052053.251:ERROR:process_memory_win.cc(73)] ReadMemory at 0x7ff8fa960000 of 64 bytes failed: Only part of a ReadProcessMemory or WriteProcessMemory request was completed. (0x12B)
[1118/052053.251:WARNING:pe_image_reader.cc(340)] could not read dos header from C:\WINDOWS\System32\shcore.dll
[1118/052053.251:ERROR:process_memory_win.cc(73)] ReadMemory at 0x7ff8f91c0000 of 64 bytes failed: Only part of a ReadProcessMemory or WriteProcessMemory request was completed. (0x12B)
[1118/052053.251:WARNING:pe_image_reader.cc(340)] could not read dos header from C:\WINDOWS\SYSTEM32\SSPICLI.DLL
[1118/052053.251:ERROR:process_memory_win.cc(73)] ReadMemory at 0x7ff8f8d10000 of 64 bytes failed: Only part of a ReadProcessMemory or WriteProcessMemory request was completed. (0x12B)
[1118/052053.251:WARNING:pe_image_reader.cc(340)] could not read dos header from C:\WINDOWS\SYSTEM32\CRYPTBASE.DLL
[1118/052053.251:ERROR:process_memory_win.cc(73)] ReadMemory at 0x7ff6884d0000 of 64 bytes failed: Only part of a ReadProcessMemory or WriteProcessMemory request was completed. (0x12B)
[1118/052053.251:WARNING:pe_image_reader.cc(340)] could not read dos header from C:\Program Files (x86)\Google\Chrome\Application\chrome.exe
[1118/052053.251:ERROR:process_memory_win.cc(73)] ReadMemory at 0x7ff8fc400000 of 64 bytes failed: Only part of a ReadProcessMemory or WriteProcessMemory request was completed. (0x12B)
[1118/052053.251:WARNING:pe_image_reader.cc(340)] could not read dos header from C:\WINDOWS\SYSTEM32\ntdll.dll
[1118/052053.251:ERROR:process_memory_win.cc(73)] ReadMemory at 0x7ff8fc0e0000 of 64 bytes failed: Only part of a ReadProcessMemory or WriteProcessMemory request was completed. (0x12B)
[1118/052053.251:WARNING:pe_image_reader.cc(340)] could not read dos header from C:\WINDOWS\System32\KERNEL32.DLL
[1118/052053.251:ERROR:process_memory_win.cc(73)] ReadMemory at 0x7ff8f9580000 of 64 bytes failed: Only part of a ReadProcessMemory or WriteProcessMemory request was completed. (0x12B)
[1118/052053.251:WARNING:pe_image_reader.cc(340)] could not read dos header from C:\WINDOWS\System32\KERNELBASE.dll
[1118/052053.251:ERROR:process_memory_win.cc(73)] ReadMemory at 0x7ff8d0d50000 of 64 bytes failed: Only part of a ReadProcessMemory or WriteProcessMemory request was completed. (0x12B)
[1118/052053.251:WARNING:pe_image_reader.cc(340)] could not read dos header from C:\Program Files (x86)\Google\Chrome\Application\78.0.3904.97\chrome_elf.dll
[1118/052053.251:ERROR:process_memory_win.cc(73)] ReadMemory at 0x7ff8f4a20000 of 64 bytes failed: Only part of a ReadProcessMemory or WriteProcessMemory request was completed. (0x12B)
[1118/052053.251:WARNING:pe_image_reader.cc(340)] could not read dos header from C:\WINDOWS\SYSTEM32\VERSION.dll
[1118/052053.251:ERROR:process_memory_win.cc(73)] ReadMemory at 0x7ff8fc1d0000 of 64 bytes failed: Only part of a ReadProcessMemory or WriteProcessMemory request was completed. (0x12B)
[1118/052053.251:WARNING:pe_image_reader.cc(340)] could not read dos header from C:\WINDOWS\System32\msvcrt.dll
[1118/052053.251:ERROR:process_memory_win.cc(73)] ReadMemory at 0x7ff8fa330000 of 64 bytes failed: Only part of a ReadProcessMemory or WriteProcessMemory request was completed. (0x12B)
[1118/052053.251:WARNING:pe_image_reader.cc(340)] could not read dos header from C:\WINDOWS\System32\bcryptPrimitives.dll
[1118/052053.251:ERROR:process_memory_win.cc(73)] ReadMemory at 0x7ff8fb1a0000 of 64 bytes failed: Only part of a ReadProcessMemory or WriteProcessMemory request was completed. (0x12B)
[1118/052053.251:WARNING:pe_image_reader.cc(340)] could not read dos header from C:\WINDOWS\System32\ADVAPI32.dll
[1118/052053.251:ERROR:process_memory_win.cc(73)] ReadMemory at 0x7ff8fb940000 of 64 bytes failed: Only part of a ReadProcessMemory or WriteProcessMemory request was completed. (0x12B)
[1118/052053.251:WARNING:pe_image_reader.cc(340)] could not read dos header from C:\WINDOWS\System32\sechost.dll
[1118/052053.251:ERROR:process_memory_win.cc(73)] ReadMemory at 0x7ff8fb9e0000 of 64 bytes failed: Only part of a ReadProcessMemory or WriteProcessMemory request was completed. (0x12B)
[1118/052053.251:WARNING:pe_image_reader.cc(340)] could not read dos header from C:\WINDOWS\System32\RPCRT4.dll
[1118/052053.251:ERROR:process_memory_win.cc(73)] ReadMemory at 0x7ff8c17f0000 of 64 bytes failed: Only part of a ReadProcessMemory or WriteProcessMemory request was completed. (0x12B)
[1118/052053.251:WARNING:pe_image_reader.cc(340)] could not read dos header from C:\Program Files (x86)\Google\Chrome\Application\78.0.3904.97\chrome_child.dll
[1118/052053.251:ERROR:process_memory_win.cc(73)] ReadMemory at 0x7ff8fb6c0000 of 64 bytes failed: Only part of a ReadProcessMemory or WriteProcessMemory request was completed. (0x12B)
[1118/052053.251:WARNING:pe_image_reader.cc(340)] could not read dos header from C:\WINDOWS\System32\OLEAUT32.dll
[1118/052053.251:ERROR:process_memory_win.cc(73)] ReadMemory at 0x7ff8f9fe0000 of 64 bytes failed: Only part of a ReadProcessMemory or WriteProcessMemory request was completed. (0x12B)
[1118/052053.251:WARNING:pe_image_reader.cc(340)] could not read dos header from C:\WINDOWS\System32\msvcp_win.dll
[1118/052053.251:ERROR:process_memory_win.cc(73)] ReadMemory at 0x7ff8fa3b0000 of 64 bytes failed: Only part of a ReadProcessMemory or WriteProcessMemory request was completed. (0x12B)
[1118/052053.251:WARNING:pe_image_reader.cc(340)] could not read dos header from C:\WINDOWS\System32\ucrtbase.dll
[1118/052053.251:ERROR:process_memory_win.cc(73)] ReadMemory at 0x7ff8fbcd0000 of 64 bytes failed: Only part of a ReadProcessMemory or WriteProcessMemory request was completed. (0x12B)
[1118/052053.251:WARNING:pe_image_reader.cc(340)] could not read dos header from C:\WINDOWS\System32\combase.dll
[1118/052053.252:ERROR:process_memory_win.cc(73)] ReadMemory at 0x7ff8fb790000 of 64 bytes failed: Only part of a ReadProcessMemory or WriteProcessMemory request was completed. (0x12B)
[1118/052053.252:WARNING:pe_image_reader.cc(340)] could not read dos header from C:\WINDOWS\System32\WS2_32.dll
[1118/052053.252:ERROR:process_memory_win.cc(73)] ReadMemory at 0x7ff8fa130000 of 64 bytes failed: Only part of a ReadProcessMemory or WriteProcessMemory request was completed. (0x12B)
[1118/052053.252:WARNING:pe_image_reader.cc(340)] could not read dos header from C:\WINDOWS\System32\WINTRUST.dll
[1118/052053.252:ERROR:process_memory_win.cc(73)] ReadMemory at 0x7ff8f9300000 of 64 bytes failed: Only part of a ReadProcessMemory or WriteProcessMemory request was completed. (0x12B)
[1118/052053.252:WARNING:pe_image_reader.cc(340)] could not read dos header from C:\WINDOWS\System32\MSASN1.dll
[1118/052053.252:ERROR:process_memory_win.cc(73)] ReadMemory at 0x7ff8fa1e0000 of 64 bytes failed: Only part of a ReadProcessMemory or WriteProcessMemory request was completed. (0x12B)
[1118/052053.252:WARNING:pe_image_reader.cc(340)] could not read dos header from C:\WINDOWS\System32\CRYPT32.dll
[1118/052053.252:ERROR:process_memory_win.cc(73)] ReadMemory at 0x7ff8f8850000 of 64 bytes failed: Only part of a ReadProcessMemory or WriteProcessMemory request was completed. (0x12B)
[1118/052053.252:WARNING:pe_image_reader.cc(340)] could not read dos header from C:\WINDOWS\SYSTEM32\IPHLPAPI.DLL
[1118/052053.252:ERROR:process_memory_win.cc(73)] ReadMemory at 0x7ff8f6ed0000 of 64 bytes failed: Only part of a ReadProcessMemory or WriteProcessMemory request was completed. (0x12B)
[1118/052053.252:WARNING:pe_image_reader.cc(340)] could not read dos header from C:\WINDOWS\SYSTEM32\WINMM.dll
[1118/052053.252:ERROR:process_memory_win.cc(73)] ReadMemory at 0x7ff8f91f0000 of 64 bytes failed: Only part of a ReadProcessMemory or WriteProcessMemory request was completed. (0x12B)
[1118/052053.252:WARNING:pe_image_reader.cc(340)] could not read dos header from C:\WINDOWS\SYSTEM32\USERENV.dll
[1118/052053.252:ERROR:process_memory_win.cc(73)] ReadMemory at 0x7ff8f9370000 of 64 bytes failed: Only part of a ReadProcessMemory or WriteProcessMemory request was completed. (0x12B)
[1118/052053.252:WARNING:pe_image_reader.cc(340)] could not read dos header from C:\WINDOWS\System32\profapi.dll
[1118/052053.252:ERROR:process_memory_win.cc(73)] ReadMemory at 0x7ff8ea8b0000 of 64 bytes failed: Only part of a ReadProcessMemory or WriteProcessMemory request was completed. (0x12B)
[1118/052053.252:WARNING:pe_image_reader.cc(340)] could not read dos header from C:\WINDOWS\SYSTEM32\DWrite.dll
[1118/052053.252:ERROR:process_memory_win.cc(73)] ReadMemory at 0x7ff8f4720000 of 64 bytes failed: Only part of a ReadProcessMemory or WriteProcessMemory request was completed. (0x12B)
[1118/052053.252:WARNING:pe_image_reader.cc(340)] could not read dos header from C:\WINDOWS\SYSTEM32\WINSPOOL.DRV
[1118/052053.252:ERROR:process_memory_win.cc(73)] ReadMemory at 0x7ff8f92e0000 of 64 bytes failed: Only part of a ReadProcessMemory or WriteProcessMemory request was completed. (0x12B)
[1118/052053.252:WARNING:pe_image_reader.cc(340)] could not read dos header from C:\WINDOWS\System32\kernel.appcore.dll
[1118/052053.252:ERROR:process_memory_win.cc(73)] ReadMemory at 0x7ff8f9fb0000 of 64 bytes failed: Only part of a ReadProcessMemory or WriteProcessMemory request was completed. (0x12B)
[1118/052053.252:WARNING:pe_image_reader.cc(340)] could not read dos header from C:\WINDOWS\System32\bcrypt.dll
[1118/052053.252:ERROR:process_memory_win.cc(73)] ReadMemory at 0x7ff8e85e0000 of 64 bytes failed: Only part of a ReadProcessMemory or WriteProcessMemory request was completed. (0x12B)
[1118/052053.252:WARNING:pe_image_reader.cc(340)] could not read dos header from C:\WINDOWS\SYSTEM32\dbghelp.dll
[1118/052053.252:ERROR:process_memory_win.cc(73)] ReadMemory at 0x7ff8e8570000 of 64 bytes failed: Only part of a ReadProcessMemory or WriteProcessMemory request was completed. (0x12B)
[1118/052053.252:WARNING:pe_image_reader.cc(340)] could not read dos header from C:\WINDOWS\SYSTEM32\Secur32.dll
[1118/052053.252:ERROR:process_memory_win.cc(73)] ReadMemory at 0x7ff8edb90000 of 64 bytes failed: Only part of a ReadProcessMemory or WriteProcessMemory request was completed. (0x12B)
[1118/052053.252:WARNING:pe_image_reader.cc(340)] could not read dos header from C:\WINDOWS\SYSTEM32\WINHTTP.dll
[1118/052053.252:ERROR:process_memory_win.cc(73)] ReadMemory at 0x7ff8edf80000 of 64 bytes failed: Only part of a ReadProcessMemory or WriteProcessMemory request was completed. (0x12B)
[1118/052053.252:WARNING:pe_image_reader.cc(340)] could not read dos header from C:\WINDOWS\SYSTEM32\dhcpcsvc.DLL
[1118/052053.252:ERROR:process_memory_win.cc(73)] ReadMemory at 0x7ff8faa10000 of 64 bytes failed: Only part of a ReadProcessMemory or WriteProcessMemory request was completed. (0x12B)
[1118/052053.252:WARNING:pe_image_reader.cc(340)] could not read dos header from C:\WINDOWS\System32\NSI.dll
[1118/052053.252:ERROR:process_memory_win.cc(73)] ReadMemory at 0x7ff8f6ea0000 of 64 bytes failed: Only part of a ReadProcessMemory or WriteProcessMemory request was completed. (0x12B)
[1118/052053.252:WARNING:pe_image_reader.cc(340)] could not read dos header from C:\WINDOWS\SYSTEM32\WINMMBASE.dll
[1118/052053.252:ERROR:process_memory_win.cc(73)] ReadMemory at 0x7ff8fa190000 of 64 bytes failed: Only part of a ReadProcessMemory or WriteProcessMemory request was completed. (0x12B)
[1118/052053.252:WARNING:pe_image_reader.cc(340)] could not read dos header from C:\WINDOWS\System32\cfgmgr32.dll
[1118/052053.252:ERROR:process_memory_win.cc(73)] ReadMemory at 0x7ff8f5c90000 of 64 bytes failed: Only part of a ReadProcessMemory or WriteProcessMemory request was completed. (0x12B)
[1118/052053.253:WARNING:pe_image_reader.cc(340)] could not read dos header from C:\WINDOWS\SYSTEM32\PROPSYS.dll
[1118/052053.253:ERROR:process_memory_win.cc(73)] ReadMemory at 0x7ff8fa960000 of 64 bytes failed: Only part of a ReadProcessMemory or WriteProcessMemory request was completed. (0x12B)
[1118/052053.253:WARNING:pe_image_reader.cc(340)] could not read dos header from C:\WINDOWS\System32\shcore.dll
[1118/052053.253:ERROR:process_memory_win.cc(73)] ReadMemory at 0x7ff8f91c0000 of 64 bytes failed: Only part of a ReadProcessMemory or WriteProcessMemory request was completed. (0x12B)
[1118/052053.253:WARNING:pe_image_reader.cc(340)] could not read dos header from C:\WINDOWS\SYSTEM32\SSPICLI.DLL
[1118/052053.253:ERROR:process_memory_win.cc(73)] ReadMemory at 0x7ff8f8d10000 of 64 bytes failed: Only part of a ReadProcessMemory or WriteProcessMemory request was completed. (0x12B)
[1118/052053.253:WARNING:pe_image_reader.cc(340)] could not read dos header from C:\WINDOWS\SYSTEM32\CRYPTBASE.DLL
[1118/052053.349:ERROR:process_memory_win.cc(73)] ReadMemory at 0xb03b1f7000 of 36864 bytes failed: Only part of a ReadProcessMemory or WriteProcessMemory request was completed. (0x12B)
[1118/052053.349:ERROR:process_memory_win.cc(73)] ReadMemory at 0xb03b9fd000 of 12288 bytes failed: Only part of a ReadProcessMemory or WriteProcessMemory request was completed. (0x12B)
[1118/052053.349:ERROR:process_memory_win.cc(73)] ReadMemory at 0xb03c1f4000 of 49152 bytes failed: Only part of a ReadProcessMemory or WriteProcessMemory request was completed. (0x12B)
[1118/052053.350:ERROR:process_memory_win.cc(73)] ReadMemory at 0xb03c9fd000 of 12288 bytes failed: Only part of a ReadProcessMemory or WriteProcessMemory request was completed. (0x12B)
[1118/052053.350:ERROR:process_memory_win.cc(73)] ReadMemory at 0xb03d1fb000 of 20480 bytes failed: Only part of a ReadProcessMemory or WriteProcessMemory request was completed. (0x12B)
[1118/052053.350:ERROR:process_memory_win.cc(73)] ReadMemory at 0xb03d9ff000 of 4096 bytes failed: Only part of a ReadProcessMemory or WriteProcessMemory request was completed. (0x12B)
[1118/052053.350:ERROR:process_memory_win.cc(73)] ReadMemory at 0xb03e1fd000 of 12288 bytes failed: Only part of a ReadProcessMemory or WriteProcessMemory request was completed. (0x12B)
[1118/052053.350:ERROR:process_memory_win.cc(73)] ReadMemory at 0xb03e9fb000 of 20480 bytes failed: Only part of a ReadProcessMemory or WriteProcessMemory request was completed. (0x12B)
[1118/052053.350:ERROR:process_memory_win.cc(73)] ReadMemory at 0xb03f9fd000 of 12288 bytes failed: Only part of a ReadProcessMemory or WriteProcessMemory request was completed. (0x12B)
[1118/052053.350:ERROR:process_memory_win.cc(73)] ReadMemory at 0xb0401fd000 of 12288 bytes failed: Only part of a ReadProcessMemory or WriteProcessMemory request was completed. (0x12B)
[1118/052053.350:ERROR:process_memory_win.cc(73)] ReadMemory at 0xb0409fd000 of 12288 bytes failed: Only part of a ReadProcessMemory or WriteProcessMemory request was completed. (0x12B)
[1118/052053.350:ERROR:process_memory_win.cc(73)] ReadMemory at 0xb03f1fc000 of 16384 bytes failed: Only part of a ReadProcessMemory or WriteProcessMemory request was completed. (0x12B)
[1118/052053.350:ERROR:process_memory_win.cc(73)] ReadMemory at 0xb0411fc000 of 16384 bytes failed: Only part of a ReadProcessMemory or WriteProcessMemory request was completed. (0x12B)
[1118/052053.351:ERROR:process_memory_win.cc(73)] ReadMemory at 0xb0419fe000 of 8192 bytes failed: Only part of a ReadProcessMemory or WriteProcessMemory request was completed. (0x12B)
[1118/052053.351:ERROR:process_memory_win.cc(73)] ReadMemory at 0xb03a858000 of 852 bytes failed: Only part of a ReadProcessMemory or WriteProcessMemory request was completed. (0x12B)
[1118/052053.351:ERROR:process_memory_win.cc(73)] ReadMemory at 0xb03a859000 of 6024 bytes failed: Only part of a ReadProcessMemory or WriteProcessMemory request was completed. (0x12B)
[1118/052053.351:ERROR:process_memory_win.cc(73)] ReadMemory at 0xb03a85b000 of 6024 bytes failed: Only part of a ReadProcessMemory or WriteProcessMemory request was completed. (0x12B)
[1118/052053.351:ERROR:process_memory_win.cc(73)] ReadMemory at 0xb03a85d000 of 6024 bytes failed: Only part of a ReadProcessMemory or WriteProcessMemory request was completed. (0x12B)
[1118/052053.351:ERROR:process_memory_win.cc(73)] ReadMemory at 0xb03a85f000 of 6024 bytes failed: Only part of a ReadProcessMemory or WriteProcessMemory request was completed. (0x12B)
[1118/052053.351:ERROR:process_memory_win.cc(73)] ReadMemory at 0xb03a861000 of 6024 bytes failed: Only part of a ReadProcessMemory or WriteProcessMemory request was completed. (0x12B)
[1118/052053.351:ERROR:process_memory_win.cc(73)] ReadMemory at 0xb03a863000 of 6024 bytes failed: Only part of a ReadProcessMemory or WriteProcessMemory request was completed. (0x12B)
[1118/052053.351:ERROR:process_memory_win.cc(73)] ReadMemory at 0xb03a865000 of 6024 bytes failed: Only part of a ReadProcessMemory or WriteProcessMemory request was completed. (0x12B)
[1118/052053.351:ERROR:process_memory_win.cc(73)] ReadMemory at 0xb03a867000 of 6024 bytes failed: Only part of a ReadProcessMemory or WriteProcessMemory request was completed. (0x12B)
[1118/052053.352:ERROR:process_memory_win.cc(73)] ReadMemory at 0xb03a86b000 of 6024 bytes failed: Only part of a ReadProcessMemory or WriteProcessMemory request was completed. (0x12B)
[1118/052053.352:ERROR:process_memory_win.cc(73)] ReadMemory at 0xb03a86d000 of 6024 bytes failed: Only part of a ReadProcessMemory or WriteProcessMemory request was completed. (0x12B)
[1118/052053.352:ERROR:process_memory_win.cc(73)] ReadMemory at 0xb03a86f000 of 6024 bytes failed: Only part of a ReadProcessMemory or WriteProcessMemory request was completed. (0x12B)
[1118/052053.352:ERROR:process_memory_win.cc(73)] ReadMemory at 0xb03a871000 of 6024 bytes failed: Only part of a ReadProcessMemory or WriteProcessMemory request was completed. (0x12B)
[1118/052053.352:ERROR:process_memory_win.cc(73)] ReadMemory at 0xb03a873000 of 6024 bytes failed: Only part of a ReadProcessMemory or WriteProcessMemory request was completed. (0x12B)
[1118/052053.352:ERROR:process_memory_win.cc(73)] ReadMemory at 0xb03a875000 of 6024 bytes failed: Only part of a ReadProcessMemory or WriteProcessMemory request was completed. (0x12B)
[1118/052053.352:ERROR:process_memory_win.cc(73)] ReadMemory at 0x1f983790750 of 80 bytes failed: Only part of a ReadProcessMemory or WriteProcessMemory request was completed. (0x12B)
[1118/052053.375:ERROR:process_memory_win.cc(73)] ReadMemory at 0x1f983790fe0 of 17570 bytes failed: Only part of a ReadProcessMemory or WriteProcessMemory request was completed. (0x12B)
[1118/052053.376:ERROR:process_memory_win.cc(73)] ReadMemory at 0x1f983795490 of 1012 bytes failed: Only part of a ReadProcessMemory or WriteProcessMemory request was completed. (0x12B)
[1118/052053.376:ERROR:process_memory_win.cc(73)] ReadMemory at 0x1f983795ad8 of 118 bytes failed: Only part of a ReadProcessMemory or WriteProcessMemory request was completed. (0x12B)
[1118/052053.376:ERROR:process_memory_win.cc(73)] ReadMemory at 0x1f983795b50 of 932 bytes failed: Only part of a ReadProcessMemory or WriteProcessMemory request was completed. (0x12B)
[1118/052053.376:ERROR:process_memory_win.cc(73)] ReadMemory at 0x1f983795ef6 of 118 bytes failed: Only part of a ReadProcessMemory or WriteProcessMemory request was completed. (0x12B)
[1118/052053.376:ERROR:process_memory_win.cc(73)] ReadMemory at 0x1f983795f6e of 96 bytes failed: Only part of a ReadProcessMemory or WriteProcessMemory request was completed. (0x12B)
[1118/052053.376:ERROR:process_memory_win.cc(73)] ReadMemory at 0x1f983795fe0 of 58 bytes failed: Only part of a ReadProcessMemory or WriteProcessMemory request was completed. (0x12B)
[1118/052053.376:ERROR:process_memory_win.cc(73)] ReadMemory at 0x1f9837960e0 of 132 bytes failed: Only part of a ReadProcessMemory or WriteProcessMemory request was completed. (0x12B)
[1118/052053.376:ERROR:process_memory_win.cc(73)] ReadMemory at 0x1f983796270 of 132 bytes failed: Only part of a ReadProcessMemory or WriteProcessMemory request was completed. (0x12B)
[1118/052053.376:ERROR:process_memory_win.cc(73)] ReadMemory at 0x1f983796430 of 124 bytes failed: Only part of a ReadProcessMemory or WriteProcessMemory request was completed. (0x12B)
[1118/052053.376:ERROR:process_memory_win.cc(73)] ReadMemory at 0x1f983796810 of 132 bytes failed: Only part of a ReadProcessMemory or WriteProcessMemory request was completed. (0x12B)
[1118/052053.376:ERROR:process_memory_win.cc(73)] ReadMemory at 0x1f9837969a0 of 64 bytes failed: Only part of a ReadProcessMemory or WriteProcessMemory request was completed. (0x12B)
[1118/052053.376:ERROR:process_memory_win.cc(73)] ReadMemory at 0x1f983796b60 of 132 bytes failed: Only part of a ReadProcessMemory or WriteProcessMemory request was completed. (0x12B)
[1118/052053.376:ERROR:process_memory_win.cc(73)] ReadMemory at 0x1f983796e00 of 132 bytes failed: Only part of a ReadProcessMemory or WriteProcessMemory request was completed. (0x12B)
[1118/052053.376:ERROR:process_memory_win.cc(73)] ReadMemory at 0x1f983796f90 of 68 bytes failed: Only part of a ReadProcessMemory or WriteProcessMemory request was completed. (0x12B)
[1118/052053.377:ERROR:process_memory_win.cc(73)] ReadMemory at 0x1f9837980b0 of 132 bytes failed: Only part of a ReadProcessMemory or WriteProcessMemory request was completed. (0x12B)
[1118/052053.377:ERROR:process_memory_win.cc(73)] ReadMemory at 0x1f983798240 of 152 bytes failed: Only part of a ReadProcessMemory or WriteProcessMemory request was completed. (0x12B)
[1118/052053.377:ERROR:process_memory_win.cc(73)] ReadMemory at 0x1f983799090 of 132 bytes failed: Only part of a ReadProcessMemory or WriteProcessMemory request was completed. (0x12B)
[1118/052053.377:ERROR:process_memory_win.cc(73)] ReadMemory at 0x1f983799330 of 132 bytes failed: Only part of a ReadProcessMemory or WriteProcessMemory request was completed. (0x12B)
[1118/052053.377:ERROR:process_memory_win.cc(73)] ReadMemory at 0x1f983799c70 of 62 bytes failed: Only part of a ReadProcessMemory or WriteProcessMemory request was completed. (0x12B)
[1118/052053.377:ERROR:process_memory_win.cc(73)] ReadMemory at 0x1f983799cf0 of 156 bytes failed: Only part of a ReadProcessMemory or WriteProcessMemory request was completed. (0x12B)
[1118/052053.377:ERROR:process_memory_win.cc(73)] ReadMemory at 0x1f983799dd0 of 132 bytes failed: Only part of a ReadProcessMemory or WriteProcessMemory request was completed. (0x12B)
[1118/052053.377:ERROR:process_memory_win.cc(73)] ReadMemory at 0x1f983799f60 of 60 bytes failed: Only part of a ReadProcessMemory or WriteProcessMemory request was completed. (0x12B)
[1118/052053.377:ERROR:process_memory_win.cc(73)] ReadMemory at 0x1f98379a450 of 132 bytes failed: Only part of a ReadProcessMemory or WriteProcessMemory request was completed. (0x12B)
[1118/052053.377:ERROR:process_memory_win.cc(73)] ReadMemory at 0x1f98379ada0 of 132 bytes failed: Only part of a ReadProcessMemory or WriteProcessMemory request was completed. (0x12B)
[1118/052053.377:ERROR:process_memory_win.cc(73)] ReadMemory at 0x1f98379dca0 of 60 bytes failed: Only part of a ReadProcessMemory or WriteProcessMemory request was completed. (0x12B)
[1118/052053.377:ERROR:process_memory_win.cc(73)] ReadMemory at 0x1f98379dde0 of 60 bytes failed: Only part of a ReadProcessMemory or WriteProcessMemory request was completed. (0x12B)
[1118/052053.377:ERROR:process_memory_win.cc(73)] ReadMemory at 0x1f98379df20 of 64 bytes failed: Only part of a ReadProcessMemory or WriteProcessMemory request was completed. (0x12B)
[1118/052053.377:ERROR:process_memory_win.cc(73)] ReadMemory at 0x1f98379df70 of 66 bytes failed: Only part of a ReadProcessMemory or WriteProcessMemory request was completed. (0x12B)
[1118/052053.377:ERROR:process_memory_win.cc(73)] ReadMemory at 0x1f98379dfc0 of 62 bytes failed: Only part of a ReadProcessMemory or WriteProcessMemory request was completed. (0x12B)
[1118/052053.397:ERROR:process_memory_win.cc(73)] ReadMemory at 0x1f98379e1f0 of 64 bytes failed: Only part of a ReadProcessMemory or WriteProcessMemory request was completed. (0x12B)
[1118/052053.397:ERROR:process_memory_win.cc(73)] ReadMemory at 0x1f98379e240 of 64 bytes failed: Only part of a ReadProcessMemory or WriteProcessMemory request was completed. (0x12B)
[1118/052053.397:ERROR:process_memory_win.cc(73)] ReadMemory at 0x1f98379e2e0 of 62 bytes failed: Only part of a ReadProcessMemory or WriteProcessMemory request was completed. (0x12B)
[1118/052053.397:ERROR:process_memory_win.cc(73)] ReadMemory at 0x1f98379e3d0 of 64 bytes failed: Only part of a ReadProcessMemory or WriteProcessMemory request was completed. (0x12B)
[1118/052053.397:ERROR:process_memory_win.cc(73)] ReadMemory at 0x1f98379e4b0 of 132 bytes failed: Only part of a ReadProcessMemory or WriteProcessMemory request was completed. (0x12B)
[1118/052053.397:ERROR:process_memory_win.cc(73)] ReadMemory at 0x1f98379e5e0 of 132 bytes failed: Only part of a ReadProcessMemory or WriteProcessMemory request was completed. (0x12B)
[1118/052053.397:ERROR:process_memory_win.cc(73)] ReadMemory at 0x1f98379e840 of 132 bytes failed: Only part of a ReadProcessMemory or WriteProcessMemory request was completed. (0x12B)
[1118/052053.397:ERROR:process_memory_win.cc(73)] ReadMemory at 0x1f98379e970 of 132 bytes failed: Only part of a ReadProcessMemory or WriteProcessMemory request was completed. (0x12B)
[1118/052053.397:ERROR:process_memory_win.cc(73)] ReadMemory at 0x1f98379eaa0 of 132 bytes failed: Only part of a ReadProcessMemory or WriteProcessMemory request was completed. (0x12B)
[1118/052053.397:ERROR:process_memory_win.cc(73)] ReadMemory at 0x1f98379ebd0 of 132 bytes failed: Only part of a ReadProcessMemory or WriteProcessMemory request was completed. (0x12B)
[1118/052053.397:ERROR:process_memory_win.cc(73)] ReadMemory at 0x1f98379ed00 of 132 bytes failed: Only part of a ReadProcessMemory or WriteProcessMemory request was completed. (0x12B)
[1118/052053.397:ERROR:process_memory_win.cc(73)] ReadMemory at 0x1f98379ee30 of 132 bytes failed: Only part of a ReadProcessMemory or WriteProcessMemory request was completed. (0x12B)
[1118/052053.397:ERROR:process_memory_win.cc(73)] ReadMemory at 0x1f98379ef60 of 132 bytes failed: Only part of a ReadProcessMemory or WriteProcessMemory request was completed. (0x12B)
[1118/052053.397:ERROR:process_memory_win.cc(73)] ReadMemory at 0x1f98379f090 of 132 bytes failed: Only part of a ReadProcessMemory or WriteProcessMemory request was completed. (0x12B)
[1118/052053.437:ERROR:process_memory_win.cc(73)] ReadMemory at 0x1f98379f1c0 of 132 bytes failed: Only part of a ReadProcessMemory or WriteProcessMemory request was completed. (0x12B)
[1118/052053.437:ERROR:process_memory_win.cc(73)] ReadMemory at 0x1f98379f2f0 of 132 bytes failed: Only part of a ReadProcessMemory or WriteProcessMemory request was completed. (0x12B)
[1118/052053.437:ERROR:process_memory_win.cc(73)] ReadMemory at 0x1f9837a24b0 of 54 bytes failed: Only part of a ReadProcessMemory or WriteProcessMemory request was completed. (0x12B)
[1118/052053.437:ERROR:process_memory_win.cc(73)] ReadMemory at 0x1f9837a2ab0 of 132 bytes failed: Only part of a ReadProcessMemory or WriteProcessMemory request was completed. (0x12B)
[1118/052053.437:ERROR:process_memory_win.cc(73)] ReadMemory at 0x1f9837a2d90 of 132 bytes failed: Only part of a ReadProcessMemory or WriteProcessMemory request was completed. (0x12B)
[1118/052053.437:ERROR:process_memory_win.cc(73)] ReadMemory at 0x1f9837a34d0 of 132 bytes failed: Only part of a ReadProcessMemory or WriteProcessMemory request was completed. (0x12B)
[1118/052053.437:ERROR:process_memory_win.cc(73)] ReadMemory at 0x1f9837a5460 of 76 bytes failed: Only part of a ReadProcessMemory or WriteProcessMemory request was completed. (0x12B)
[1118/052053.437:ERROR:process_memory_win.cc(73)] ReadMemory at 0x1f9837a5d00 of 64 bytes failed: Only part of a ReadProcessMemory or WriteProcessMemory request was completed. (0x12B)
[1118/052053.437:ERROR:process_memory_win.cc(73)] ReadMemory at 0x1f9837a5df0 of 62 bytes failed: Only part of a ReadProcessMemory or WriteProcessMemory request was completed. (0x12B)
[1118/052053.437:ERROR:process_memory_win.cc(73)] ReadMemory at 0x1f9837a5e40 of 62 bytes failed: Only part of a ReadProcessMemory or WriteProcessMemory request was completed. (0x12B)
[1118/052053.437:ERROR:process_memory_win.cc(73)] ReadMemory at 0x1f9837a5e90 of 64 bytes failed: Only part of a ReadProcessMemory or WriteProcessMemory request was completed. (0x12B)
[1118/052053.437:ERROR:process_memory_win.cc(73)] ReadMemory at 0x1f9837a5f30 of 62 bytes failed: Only part of a ReadProcessMemory or WriteProcessMemory request was completed. (0x12B)
[1118/052053.530:ERROR:process_memory_win.cc(73)] ReadMemory at 0x1f9837a6110 of 60 bytes failed: Only part of a ReadProcessMemory or WriteProcessMemory request was completed. (0x12B)
[1118/052053.530:ERROR:process_memory_win.cc(73)] ReadMemory at 0x1f9837a6250 of 64 bytes failed: Only part of a ReadProcessMemory or WriteProcessMemory request was completed. (0x12B)
[1118/052053.530:ERROR:process_memory_win.cc(73)] ReadMemory at 0x1f9837a6390 of 58 bytes failed: Only part of a ReadProcessMemory or WriteProcessMemory request was completed. (0x12B)
[1118/052053.530:ERROR:process_memory_win.cc(73)] ReadMemory at 0x1f9837a63e0 of 62 bytes failed: Only part of a ReadProcessMemory or WriteProcessMemory request was completed. (0x12B)
[1118/052053.530:ERROR:process_memory_win.cc(73)] ReadMemory at 0x1f9837a6430 of 62 bytes failed: Only part of a ReadProcessMemory or WriteProcessMemory request was completed. (0x12B)
[1118/052053.531:ERROR:process_memory_win.cc(73)] ReadMemory at 0x1f9837a6480 of 60 bytes failed: Only part of a ReadProcessMemory or WriteProcessMemory request was completed. (0x12B)
[1118/052053.531:ERROR:process_memory_win.cc(73)] ReadMemory at 0x1f9837a65c0 of 60 bytes failed: Only part of a ReadProcessMemory or WriteProcessMemory request was completed. (0x12B)
[1118/052053.531:ERROR:process_memory_win.cc(73)] ReadMemory at 0x1f9837a67f0 of 62 bytes failed: Only part of a ReadProcessMemory or WriteProcessMemory request was completed. (0x12B)
[1118/052053.531:ERROR:process_memory_win.cc(73)] ReadMemory at 0x1f9837a6840 of 60 bytes failed: Only part of a ReadProcessMemory or WriteProcessMemory request was completed. (0x12B)
[1118/052053.531:ERROR:process_memory_win.cc(73)] ReadMemory at 0x1f9837a6890 of 64 bytes failed: Only part of a ReadProcessMemory or WriteProcessMemory request was completed. (0x12B)
[1118/052053.531:ERROR:process_memory_win.cc(73)] ReadMemory at 0x1f9837a68e0 of 62 bytes failed: Only part of a ReadProcessMemory or WriteProcessMemory request was completed. (0x12B)
[1118/052053.531:ERROR:process_memory_win.cc(73)] ReadMemory at 0x1f9837a6a20 of 66 bytes failed: Only part of a ReadProcessMemory or WriteProcessMemory request was completed. (0x12B)
[1118/052053.531:ERROR:process_memory_win.cc(73)] ReadMemory at 0x1f9837a6ac0 of 62 bytes failed: Only part of a ReadProcessMemory or WriteProcessMemory request was completed. (0x12B)
[1118/052053.531:ERROR:process_memory_win.cc(73)] ReadMemory at 0x1f9837a8ab0 of 132 bytes failed: Only part of a ReadProcessMemory or WriteProcessMemory request was completed. (0x12B)
[1118/052053.531:ERROR:process_memory_win.cc(73)] ReadMemory at 0x1f9837aac00 of 132 bytes failed: Only part of a ReadProcessMemory or WriteProcessMemory request was completed. (0x12B)
[1118/052053.531:ERROR:process_memory_win.cc(73)] ReadMemory at 0x1f9837aae70 of 132 bytes failed: Only part of a ReadProcessMemory or WriteProcessMemory request was completed. (0x12B)
[1118/052053.531:ERROR:process_memory_win.cc(73)] ReadMemory at 0x1f9837ab120 of 132 bytes failed: Only part of a ReadProcessMemory or WriteProcessMemory request was completed. (0x12B)
[1118/052053.531:ERROR:process_memory_win.cc(73)] ReadMemory at 0x1f9837ab4b0 of 132 bytes failed: Only part of a ReadProcessMemory or WriteProcessMemory request was completed. (0x12B)
[1118/052053.531:ERROR:process_memory_win.cc(73)] ReadMemory at 0x1f9837abbd0 of 132 bytes failed: Only part of a ReadProcessMemory or WriteProcessMemory request was completed. (0x12B)
[1118/052053.531:ERROR:process_memory_win.cc(73)] ReadMemory at 0x1f9837abd00 of 132 bytes failed: Only part of a ReadProcessMemory or WriteProcessMemory request was completed. (0x12B)
[1118/052053.531:ERROR:process_memory_win.cc(73)] ReadMemory at 0x1f9837abe30 of 132 bytes failed: Only part of a ReadProcessMemory or WriteProcessMemory request was completed. (0x12B)
[1118/052053.531:ERROR:process_memory_win.cc(73)] ReadMemory at 0x1f9837ac1c0 of 132 bytes failed: Only part of a ReadProcessMemory or WriteProcessMemory request was completed. (0x12B)
[1118/052053.532:ERROR:process_memory_win.cc(73)] ReadMemory at 0x1f9837acb40 of 132 bytes failed: Only part of a ReadProcessMemory or WriteProcessMemory request was completed. (0x12B)
[1118/052053.532:ERROR:process_memory_win.cc(73)] ReadMemory at 0x1f9837acc70 of 132 bytes failed: Only part of a ReadProcessMemory or WriteProcessMemory request was completed. (0x12B)
[1118/052053.532:ERROR:process_memory_win.cc(73)] ReadMemory at 0x1f9837acda0 of 132 bytes failed: Only part of a ReadProcessMemory or WriteProcessMemory request was completed. (0x12B)
[1118/052053.532:ERROR:process_memory_win.cc(73)] ReadMemory at 0x1f9837ad2d0 of 512 bytes failed: Only part of a ReadProcessMemory or WriteProcessMemory request was completed. (0x12B)
[1118/052053.532:ERROR:process_memory_win.cc(73)] ReadMemory at 0x1f9837adaa0 of 944 bytes failed: Only part of a ReadProcessMemory or WriteProcessMemory request was completed. (0x12B)
[1118/052053.532:ERROR:process_memory_win.cc(73)] ReadMemory at 0x1f9837c1830 of 512 bytes failed: Only part of a ReadProcessMemory or WriteProcessMemory request was completed. (0x12B)
[1118/052053.532:ERROR:process_memory_win.cc(73)] ReadMemory at 0x1f983a680d8 of 512 bytes failed: Only part of a ReadProcessMemory or WriteProcessMemory request was completed. (0x12B)
[1118/052053.532:ERROR:process_memory_win.cc(73)] ReadMemory at 0x1f983a872b0 of 512 bytes failed: Only part of a ReadProcessMemory or WriteProcessMemory request was completed. (0x12B)
[1118/052053.532:ERROR:process_memory_win.cc(73)] ReadMemory at 0x1f983a87850 of 512 bytes failed: Only part of a ReadProcessMemory or WriteProcessMemory request was completed. (0x12B)
[1118/052053.532:ERROR:process_memory_win.cc(73)] ReadMemory at 0x1f983a87d78 of 512 bytes failed: Only part of a ReadProcessMemory or WriteProcessMemory request was completed. (0x12B)
[1118/052053.532:ERROR:process_memory_win.cc(73)] ReadMemory at 0x1f983a88590 of 512 bytes failed: Only part of a ReadProcessMemory or WriteProcessMemory request was completed. (0x12B)
[1118/052053.532:ERROR:process_memory_win.cc(73)] ReadMemory at 0x1f983ab6810 of 712 bytes failed: Only part of a ReadProcessMemory or WriteProcessMemory request was completed. (0x12B)
[1118/052053.570:ERROR:process_memory_win.cc(73)] ReadMemory at 0x1f983adba38 of 656 bytes failed: Only part of a ReadProcessMemory or WriteProcessMemory request was completed. (0x12B)
[1118/052053.570:ERROR:process_memory_win.cc(73)] ReadMemory at 0x1f983adbf48 of 512 bytes failed: Only part of a ReadProcessMemory or WriteProcessMemory request was completed. (0x12B)
[1118/052053.570:ERROR:process_memory_win.cc(73)] ReadMemory at 0x1f985902b60 of 512 bytes failed: Only part of a ReadProcessMemory or WriteProcessMemory request was completed. (0x12B)
[1118/052053.570:ERROR:process_memory_win.cc(73)] ReadMemory at 0x1f9859af5b0 of 512 bytes failed: Only part of a ReadProcessMemory or WriteProcessMemory request was completed. (0x12B)
[1118/052053.570:ERROR:process_memory_win.cc(73)] ReadMemory at 0x1f985e48240 of 512 bytes failed: Only part of a ReadProcessMemory or WriteProcessMemory request was completed. (0x12B)
[1118/052053.570:ERROR:process_memory_win.cc(73)] ReadMemory at 0x1f985e55710 of 512 bytes failed: Only part of a ReadProcessMemory or WriteProcessMemory request was completed. (0x12B)
[1118/052053.586:ERROR:process_memory_win.cc(73)] ReadMemory at 0x1f9862bac28 of 512 bytes failed: Only part of a ReadProcessMemory or WriteProcessMemory request was completed. (0x12B)
[1118/052053.586:ERROR:process_memory_win.cc(73)] ReadMemory at 0x1ec66300cf80 of 512 bytes failed: Only part of a ReadProcessMemory or WriteProcessMemory request was completed. (0x12B)
[1118/052053.586:ERROR:process_memory_win.cc(73)] ReadMemory at 0x265c246425c0 of 512 bytes failed: Only part of a ReadProcessMemory or WriteProcessMemory request was completed. (0x12B)
[1118/052053.586:ERROR:process_memory_win.cc(73)] ReadMemory at 0x6ea9baa1bf80 of 512 bytes failed: Only part of a ReadProcessMemory or WriteProcessMemory request was completed. (0x12B)
[1118/052053.586:ERROR:process_memory_win.cc(73)] ReadMemory at 0x6ea9baa44b48 of 512 bytes failed: Only part of a ReadProcessMemory or WriteProcessMemory request was completed. (0x12B)
[1118/052053.586:ERROR:process_memory_win.cc(73)] ReadMemory at 0x6ea9bdf609c0 of 512 bytes failed: Only part of a ReadProcessMemory or WriteProcessMemory request was completed. (0x12B)
[1118/052053.586:ERROR:process_memory_win.cc(73)] ReadMemory at 0x7ff8c1e27b70 of 512 bytes failed: Only part of a ReadProcessMemory or WriteProcessMemory request was completed. (0x12B)
[1118/052053.586:ERROR:process_memory_win.cc(73)] ReadMemory at 0x7ff8c2da501e of 512 bytes failed: Only part of a ReadProcessMemory or WriteProcessMemory request was completed. (0x12B)
[1118/052053.586:ERROR:process_memory_win.cc(73)] ReadMemory at 0x7ff8c5bfdb50 of 512 bytes failed: Only part of a ReadProcessMemory or WriteProcessMemory request was completed. (0x12B)
[1118/052053.586:ERROR:process_memory_win.cc(73)] ReadMemory at 0x7ff8d0d77dc5 of 512 bytes failed: Only part of a ReadProcessMemory or WriteProcessMemory request was completed. (0x12B)
[1118/052053.586:ERROR:process_memory_win.cc(73)] ReadMemory at 0x7ff8d0d785be of 512 bytes failed: Only part of a ReadProcessMemory or WriteProcessMemory request was completed. (0x12B)
[1118/052053.587:ERROR:process_memory_win.cc(73)] ReadMemory at 0x7ff8fc49c0c4 of 672 bytes failed: Only part of a ReadProcessMemory or WriteProcessMemory request was completed. (0x12B)
[1118/052053.587:ERROR:process_memory_win.cc(73)] ReadMemory at 0x7ff8fc49f974 of 608 bytes failed: Only part of a ReadProcessMemory or WriteProcessMemory request was completed. (0x12B)
[1118/052053.587:ERROR:process_memory_win.cc(73)] ReadMemory at 0x7ff8fc52c428 of 18 bytes failed: Only part of a ReadProcessMemory or WriteProcessMemory request was completed. (0x12B)
[1118/052053.587:ERROR:process_memory_win.cc(73)] ReadMemory at 0x7ff8fc55f4f8 of 40 bytes failed: Only part of a ReadProcessMemory or WriteProcessMemory request was completed. (0x12B)
[1118/052053.587:ERROR:process_memory_win.cc(73)] ReadMemory at 0x7ff8fc55f978 of 48 bytes failed: Only part of a ReadProcessMemory or WriteProcessMemory request was completed. (0x12B)
[1118/052053.587:ERROR:process_memory_win.cc(73)] ReadMemory at 0x7ff8fc5653c0 of 64 bytes failed: Only part of a ReadProcessMemory or WriteProcessMemory request was completed. (0x12B)
[1118/052053.591:ERROR:scoped_process_suspend.cc(40)] NtResumeProcess: An attempt was made to access an exiting process. (0xc000010a)
[1118/101055.442:ERROR:process_reader_win.cc(151)] SuspendThread: Access is denied. (0x5)
[1118/101059.520:ERROR:exception_snapshot_win.cc(98)] thread ID 548 not found in process
[1118/101059.520:ERROR:scoped_process_suspend.cc(40)] NtResumeProcess: An attempt was made to access an exiting process. (0xc000010a)
